\BOOKMARK [0][-]{chapter.1}{Introduction}{}% 1
\BOOKMARK [1][-]{section.1.1}{Why is a conditional move useful?}{chapter.1}% 2
\BOOKMARK [1][-]{section.1.2}{My approach}{chapter.1}% 3
\BOOKMARK [1][-]{section.1.3}{Evaluating advantages and disadvantages}{chapter.1}% 4
\BOOKMARK [0][-]{chapter.2}{Preparation}{}% 5
\BOOKMARK [1][-]{section.2.1}{Conditional move in MIPS}{chapter.2}% 6
\BOOKMARK [1][-]{section.2.2}{The RISC-V instruction set}{chapter.2}% 7
\BOOKMARK [1][-]{section.2.3}{The FLUTE RISC-V implementation}{chapter.2}% 8
\BOOKMARK [1][-]{section.2.4}{The RISC-V LLVM}{chapter.2}% 9
\BOOKMARK [1][-]{section.2.5}{Benchmarks}{chapter.2}% 10
\BOOKMARK [1][-]{section.2.6}{Software engineering approach}{chapter.2}% 11
\BOOKMARK [0][-]{chapter.3}{Implementation}{}% 12
\BOOKMARK [1][-]{section.3.1}{Extending the instruction set}{chapter.3}% 13
\BOOKMARK [1][-]{section.3.2}{Adding a conditional move to the processor}{chapter.3}% 14
\BOOKMARK [1][-]{section.3.3}{Adding different branch predictors}{chapter.3}% 15
\BOOKMARK [1][-]{section.3.4}{Extending LLVM and GNU Assembler}{chapter.3}% 16
\BOOKMARK [1][-]{section.3.5}{Adding debug instructions}{chapter.3}% 17
\BOOKMARK [1][-]{section.3.6}{Testing the processor}{chapter.3}% 18
\BOOKMARK [0][-]{chapter.4}{Evaluation}{}% 19
\BOOKMARK [1][-]{section.4.1}{Comparison to MIPS}{chapter.4}% 20
\BOOKMARK [1][-]{section.4.2}{Dynamic frequency of conditional moves}{chapter.4}% 21
\BOOKMARK [1][-]{section.4.3}{Performance changes}{chapter.4}% 22
\BOOKMARK [1][-]{section.4.4}{The effect of different branch predictors}{chapter.4}% 23
\BOOKMARK [1][-]{section.4.5}{Changes in clock frequency}{chapter.4}% 24
\BOOKMARK [1][-]{section.4.6}{Resource usage}{chapter.4}% 25
\BOOKMARK [1][-]{section.4.7}{Complexity of the compiler}{chapter.4}% 26
\BOOKMARK [0][-]{chapter.5}{Conclusion}{}% 27
\BOOKMARK [1][-]{section.5.1}{Summary of results}{chapter.5}% 28
\BOOKMARK [1][-]{section.5.2}{Reflection on my approach}{chapter.5}% 29
\BOOKMARK [1][-]{section.5.3}{Potential further steps}{chapter.5}% 30
\BOOKMARK [0][-]{section.5.3}{Bibliography}{}% 31
\BOOKMARK [0][-]{appendix.A}{LLVM extension}{}% 32
\BOOKMARK [0][-]{appendix.B}{Functional testing results}{}% 33
\BOOKMARK [1][-]{section.B.1}{Test LLVM with ternary if statement}{appendix.B}% 34
\BOOKMARK [1][-]{section.B.2}{Further LLVM tests}{appendix.B}% 35
\BOOKMARK [1][-]{section.B.3}{Assembly tests}{appendix.B}% 36
\BOOKMARK [0][-]{appendix.C}{Benchmark descriptions}{}% 37
\BOOKMARK [0][-]{appendix.D}{Evaluation results}{}% 38
\BOOKMARK [0][-]{appendix.E}{Project Proposal}{}% 39
