This is pdfTeX, Version 3.14159265-2.6-1.40.16 (TeX Live 2015) (preloaded format=pdflatex 2015.10.5)  7 MAR 2016 04:12
entering extended mode
 restricted \write18 enabled.
 %&-line parsing enabled.
**diss
(./diss.tex
LaTeX2e <2015/01/01>
Babel <3.9l> and hyphenation patterns for 21 languages loaded.
(/usr/local/texlive/2015basic/texmf-dist/tex/latex/base/report.cls
Document Class: report 2014/09/29 v1.4h Standard LaTeX document class
(/usr/local/texlive/2015basic/texmf-dist/tex/latex/base/size12.clo
File: size12.clo 2014/09/29 v1.4h Standard LaTeX file (size option)
)
\c@part=\count79
\c@chapter=\count80
\c@section=\count81
\c@subsection=\count82
\c@subsubsection=\count83
\c@paragraph=\count84
\c@subparagraph=\count85
\c@figure=\count86
\c@table=\count87
\abovecaptionskip=\skip41
\belowcaptionskip=\skip42
\bibindent=\dimen102
)
(/usr/local/texlive/2015basic/texmf-dist/tex/latex/ntgclass/a4.sty
Package: a4 2004/04/15 v1.2g A4 based page layout
)
(/usr/local/texlive/2015basic/texmf-dist/tex/latex/hyperref/hyperref.sty
Package: hyperref 2012/11/06 v6.83m Hypertext links for LaTeX

(/usr/local/texlive/2015basic/texmf-dist/tex/generic/oberdiek/hobsub-hyperref.s
ty
Package: hobsub-hyperref 2012/05/28 v1.13 Bundle oberdiek, subset hyperref (HO)


(/usr/local/texlive/2015basic/texmf-dist/tex/generic/oberdiek/hobsub-generic.st
y
Package: hobsub-generic 2012/05/28 v1.13 Bundle oberdiek, subset generic (HO)
Package: hobsub 2012/05/28 v1.13 Construct package bundles (HO)
Package: infwarerr 2010/04/08 v1.3 Providing info/warning/error messages (HO)
Package: ltxcmds 2011/11/09 v1.22 LaTeX kernel commands for general use (HO)
Package: ifluatex 2010/03/01 v1.3 Provides the ifluatex switch (HO)
Package ifluatex Info: LuaTeX not detected.
Package: ifvtex 2010/03/01 v1.5 Detect VTeX and its facilities (HO)
Package ifvtex Info: VTeX not detected.
Package: intcalc 2007/09/27 v1.1 Expandable calculations with integers (HO)
Package: ifpdf 2011/01/30 v2.3 Provides the ifpdf switch (HO)
Package ifpdf Info: pdfTeX in PDF mode is detected.
Package: etexcmds 2011/02/16 v1.5 Avoid name clashes with e-TeX commands (HO)
Package etexcmds Info: Could not find \expanded.
(etexcmds)             That can mean that you are not using pdfTeX 1.50 or
(etexcmds)             that some package has redefined \expanded.
(etexcmds)             In the latter case, load this package earlier.
Package: kvsetkeys 2012/04/25 v1.16 Key value parser (HO)
Package: kvdefinekeys 2011/04/07 v1.3 Define keys (HO)
Package: pdftexcmds 2011/11/29 v0.20 Utility functions of pdfTeX for LuaTeX (HO
)
Package pdftexcmds Info: LuaTeX not detected.
Package pdftexcmds Info: \pdf@primitive is available.
Package pdftexcmds Info: \pdf@ifprimitive is available.
Package pdftexcmds Info: \pdfdraftmode found.
Package: pdfescape 2011/11/25 v1.13 Implements pdfTeX's escape features (HO)
Package: bigintcalc 2012/04/08 v1.3 Expandable calculations on big integers (HO
)
Package: bitset 2011/01/30 v1.1 Handle bit-vector datatype (HO)
Package: uniquecounter 2011/01/30 v1.2 Provide unlimited unique counter (HO)
)
Package hobsub Info: Skipping package `hobsub' (already loaded).
Package: letltxmacro 2010/09/02 v1.4 Let assignment for LaTeX macros (HO)
Package: hopatch 2012/05/28 v1.2 Wrapper for package hooks (HO)
Package: xcolor-patch 2011/01/30 xcolor patch
Package: atveryend 2011/06/30 v1.8 Hooks at the very end of document (HO)
Package atveryend Info: \enddocument detected (standard20110627).
Package: atbegshi 2011/10/05 v1.16 At begin shipout hook (HO)
Package: refcount 2011/10/16 v3.4 Data extraction from label references (HO)
Package: hycolor 2011/01/30 v1.7 Color options for hyperref/bookmark (HO)
) (/usr/local/texlive/2015basic/texmf-dist/tex/latex/graphics/keyval.sty
Package: keyval 2014/10/28 v1.15 key=value parser (DPC)
\KV@toks@=\toks14
)
(/usr/local/texlive/2015basic/texmf-dist/tex/generic/ifxetex/ifxetex.sty
Package: ifxetex 2010/09/12 v0.6 Provides ifxetex conditional
)
(/usr/local/texlive/2015basic/texmf-dist/tex/latex/oberdiek/auxhook.sty
Package: auxhook 2011/03/04 v1.3 Hooks for auxiliary files (HO)
)
(/usr/local/texlive/2015basic/texmf-dist/tex/latex/oberdiek/kvoptions.sty
Package: kvoptions 2011/06/30 v3.11 Key value format for package options (HO)
)
\@linkdim=\dimen103
\Hy@linkcounter=\count88
\Hy@pagecounter=\count89

(/usr/local/texlive/2015basic/texmf-dist/tex/latex/hyperref/pd1enc.def
File: pd1enc.def 2012/11/06 v6.83m Hyperref: PDFDocEncoding definition (HO)
)
\Hy@SavedSpaceFactor=\count90

(/usr/local/texlive/2015basic/texmf-dist/tex/latex/latexconfig/hyperref.cfg
File: hyperref.cfg 2002/06/06 v1.2 hyperref configuration of TeXLive
)
Package hyperref Info: Hyper figures OFF on input line 4443.
Package hyperref Info: Link nesting OFF on input line 4448.
Package hyperref Info: Hyper index ON on input line 4451.
Package hyperref Info: Plain pages OFF on input line 4458.
Package hyperref Info: Backreferencing OFF on input line 4463.
Package hyperref Info: Implicit mode ON; LaTeX internals redefined.
Package hyperref Info: Bookmarks ON on input line 4688.
\c@Hy@tempcnt=\count91

(/usr/local/texlive/2015basic/texmf-dist/tex/latex/url/url.sty
\Urlmuskip=\muskip10
Package: url 2013/09/16  ver 3.4  Verb mode for urls, etc.
)
LaTeX Info: Redefining \url on input line 5041.
\XeTeXLinkMargin=\dimen104
\Fld@menulength=\count92
\Field@Width=\dimen105
\Fld@charsize=\dimen106
Package hyperref Info: Hyper figures OFF on input line 6295.
Package hyperref Info: Link nesting OFF on input line 6300.
Package hyperref Info: Hyper index ON on input line 6303.
Package hyperref Info: backreferencing OFF on input line 6310.
Package hyperref Info: Link coloring OFF on input line 6315.
Package hyperref Info: Link coloring with OCG OFF on input line 6320.
Package hyperref Info: PDF/A mode OFF on input line 6325.
LaTeX Info: Redefining \ref on input line 6365.
LaTeX Info: Redefining \pageref on input line 6369.
\Hy@abspage=\count93
\c@Item=\count94
\c@Hfootnote=\count95
)

Package hyperref Message: Driver (autodetected): hpdftex.

(/usr/local/texlive/2015basic/texmf-dist/tex/latex/hyperref/hpdftex.def
File: hpdftex.def 2012/11/06 v6.83m Hyperref driver for pdfTeX
\Fld@listcount=\count96
\c@bookmark@seq@number=\count97

(/usr/local/texlive/2015basic/texmf-dist/tex/latex/oberdiek/rerunfilecheck.sty
Package: rerunfilecheck 2011/04/15 v1.7 Rerun checks for auxiliary files (HO)
Package uniquecounter Info: New unique counter `rerunfilecheck' on input line 2
82.
)
\Hy@SectionHShift=\skip43
) (/usr/local/texlive/2015basic/texmf-dist/tex/latex/tools/verbatim.sty
Package: verbatim 2014/10/28 v1.5q LaTeX2e package for verbatim enhancements
\every@verbatim=\toks15
\verbatim@line=\toks16
\verbatim@in@stream=\read1
)
(/usr/local/texlive/2015basic/texmf-dist/tex/latex/booktabs/booktabs.sty
Package: booktabs 2005/04/14 v1.61803 publication quality tables
\heavyrulewidth=\dimen107
\lightrulewidth=\dimen108
\cmidrulewidth=\dimen109
\belowrulesep=\dimen110
\belowbottomsep=\dimen111
\aboverulesep=\dimen112
\abovetopsep=\dimen113
\cmidrulesep=\dimen114
\cmidrulekern=\dimen115
\defaultaddspace=\dimen116
\@cmidla=\count98
\@cmidlb=\count99
\@aboverulesep=\dimen117
\@belowrulesep=\dimen118
\@thisruleclass=\count100
\@lastruleclass=\count101
\@thisrulewidth=\dimen119
)
(/usr/local/texlive/2015basic/texmf-dist/tex/latex/tools/longtable.sty
Package: longtable 2014/10/28 v4.11 Multi-page Table package (DPC)
\LTleft=\skip44
\LTright=\skip45
\LTpre=\skip46
\LTpost=\skip47
\LTchunksize=\count102
\LTcapwidth=\dimen120
\LT@head=\box26
\LT@firsthead=\box27
\LT@foot=\box28
\LT@lastfoot=\box29
\LT@cols=\count103
\LT@rows=\count104
\c@LT@tables=\count105
\c@LT@chunks=\count106
\LT@p@ftn=\toks17
)
(/usr/local/texlive/2015basic/texmf-dist/tex/latex/tools/tabularx.sty
Package: tabularx 2014/10/28 v2.10 `tabularx' package (DPC)

(/usr/local/texlive/2015basic/texmf-dist/tex/latex/tools/array.sty
Package: array 2014/10/28 v2.4c Tabular extension package (FMi)
\col@sep=\dimen121
\extrarowheight=\dimen122
\NC@list=\toks18
\extratabsurround=\skip48
\backup@length=\skip49
)
\TX@col@width=\dimen123
\TX@old@table=\dimen124
\TX@old@col=\dimen125
\TX@target=\dimen126
\TX@delta=\dimen127
\TX@cols=\count107
\TX@ftn=\toks19
)
(/usr/local/texlive/2015basic/texmf-dist/tex/latex/xcolor/xcolor.sty
Package: xcolor 2007/01/21 v2.11 LaTeX color extensions (UK)

(/usr/local/texlive/2015basic/texmf-dist/tex/latex/latexconfig/color.cfg
File: color.cfg 2007/01/18 v1.5 color configuration of teTeX/TeXLive
)
Package xcolor Info: Driver file: pdftex.def on input line 225.

(/usr/local/texlive/2015basic/texmf-dist/tex/latex/pdftex-def/pdftex.def
File: pdftex.def 2011/05/27 v0.06d Graphics/color for pdfTeX
\Gread@gobject=\count108
)
Package xcolor Info: Model `cmy' substituted by `cmy0' on input line 1337.
Package xcolor Info: Model `hsb' substituted by `rgb' on input line 1341.
Package xcolor Info: Model `RGB' extended on input line 1353.
Package xcolor Info: Model `HTML' substituted by `rgb' on input line 1355.
Package xcolor Info: Model `Hsb' substituted by `hsb' on input line 1356.
Package xcolor Info: Model `tHsb' substituted by `hsb' on input line 1357.
Package xcolor Info: Model `HSB' substituted by `hsb' on input line 1358.
Package xcolor Info: Model `Gray' substituted by `gray' on input line 1359.
Package xcolor Info: Model `wave' substituted by `hsb' on input line 1360.
)
(/usr/local/texlive/2015basic/texmf-dist/tex/latex/colortbl/colortbl.sty
Package: colortbl 2012/02/13 v1.0a Color table columns (DPC)
\everycr=\toks20
\minrowclearance=\skip50
)
(/usr/local/texlive/2015basic/texmf-dist/tex/latex/tools/hhline.sty
Package: hhline 2014/10/28 v2.03 Table rule package (DPC)
)
(/usr/local/texlive/2015basic/texmf-dist/tex/latex/graphics/graphicx.sty
Package: graphicx 2014/10/28 v1.0g Enhanced LaTeX Graphics (DPC,SPQR)

(/usr/local/texlive/2015basic/texmf-dist/tex/latex/graphics/graphics.sty
Package: graphics 2014/10/28 v1.0p Standard LaTeX Graphics (DPC,SPQR)

(/usr/local/texlive/2015basic/texmf-dist/tex/latex/graphics/trig.sty
Package: trig 1999/03/16 v1.09 sin cos tan (DPC)
)
(/usr/local/texlive/2015basic/texmf-dist/tex/latex/latexconfig/graphics.cfg
File: graphics.cfg 2010/04/23 v1.9 graphics configuration of TeX Live
)
Package graphics Info: Driver file: pdftex.def on input line 94.
)
\Gin@req@height=\dimen128
\Gin@req@width=\dimen129
)
(/usr/local/texlive/2015basic/texmf-dist/tex/latex/caption/subcaption.sty
Package: subcaption 2013/02/03 v1.1-62 Sub-captions (AR)

(/usr/local/texlive/2015basic/texmf-dist/tex/latex/caption/caption.sty
Package: caption 2013/05/02 v3.3-89 Customizing captions (AR)

(/usr/local/texlive/2015basic/texmf-dist/tex/latex/caption/caption3.sty
Package: caption3 2013/05/02 v1.6-88 caption3 kernel (AR)
Package caption3 Info: TeX engine: e-TeX on input line 57.
\captionmargin=\dimen130
\captionmargin@=\dimen131
\captionwidth=\dimen132
\caption@tempdima=\dimen133
\caption@indent=\dimen134
\caption@parindent=\dimen135
\caption@hangindent=\dimen136
)
\c@ContinuedFloat=\count109
Package caption Info: hyperref package is loaded.
Package caption Info: longtable package is loaded.

(/usr/local/texlive/2015basic/texmf-dist/tex/latex/caption/ltcaption.sty
Package: ltcaption 2013/02/03 v1.3-62 longtable captions (AR)
))
\c@subfigure=\count110
\c@subtable=\count111
)
(/usr/local/texlive/2015basic/texmf-dist/tex/latex/oberdiek/epstopdf.sty
Package: epstopdf 2010/02/09 v2.5 Conversion with epstopdf on the fly (HO)

(/usr/local/texlive/2015basic/texmf-dist/tex/latex/oberdiek/epstopdf-base.sty
Package: epstopdf-base 2010/02/09 v2.5 Base part for package epstopdf

(/usr/local/texlive/2015basic/texmf-dist/tex/latex/oberdiek/grfext.sty
Package: grfext 2010/08/19 v1.1 Manage graphics extensions (HO)
)
Package grfext Info: Graphics extension search list:
(grfext)             [.png,.pdf,.jpg,.mps,.jpeg,.jbig2,.jb2,.PNG,.PDF,.JPG,.JPE
G,.JBIG2,.JB2,.eps]
(grfext)             \AppendGraphicsExtensions on input line 452.

(/usr/local/texlive/2015basic/texmf-dist/tex/latex/latexconfig/epstopdf-sys.cfg
File: epstopdf-sys.cfg 2010/07/13 v1.3 Configuration of (r)epstopdf for TeX Liv
e
))) (/usr/local/texlive/2015basic/texmf-dist/tex/latex/listings/listings.sty
\lst@mode=\count112
\lst@gtempboxa=\box30
\lst@token=\toks21
\lst@length=\count113
\lst@currlwidth=\dimen137
\lst@column=\count114
\lst@pos=\count115
\lst@lostspace=\dimen138
\lst@width=\dimen139
\lst@newlines=\count116
\lst@lineno=\count117
\lst@maxwidth=\dimen140

(/usr/local/texlive/2015basic/texmf-dist/tex/latex/listings/lstmisc.sty
File: lstmisc.sty 2014/09/06 1.5e (Carsten Heinz)
\c@lstnumber=\count118
\lst@skipnumbers=\count119
\lst@framebox=\box31
)
(/usr/local/texlive/2015basic/texmf-dist/tex/latex/listings/listings.cfg
File: listings.cfg 2014/09/06 1.5e listings configuration
))
Package: listings 2014/09/06 1.5e (Carsten Heinz)

(/usr/local/texlive/2015basic/texmf-dist/tex/latex/glossaries/base/glossaries.s
ty
Package: glossaries 2016/01/24 v4.21 (NLCT)
 (/usr/local/texlive/2015basic/texmf-dist/tex/latex/base/ifthen.sty
Package: ifthen 2014/09/29 v1.1c Standard LaTeX ifthen package (DPC)
)
(/usr/local/texlive/2015basic/texmf-dist/tex/latex/xkeyval/xkeyval.sty
Package: xkeyval 2014/12/03 v2.7a package option processing (HA)

(/usr/local/texlive/2015basic/texmf-dist/tex/generic/xkeyval/xkeyval.tex
(/usr/local/texlive/2015basic/texmf-dist/tex/generic/xkeyval/xkvutils.tex
\XKV@toks=\toks22
\XKV@tempa@toks=\toks23
)
\XKV@depth=\count120
File: xkeyval.tex 2014/12/03 v2.7a key=value parser (HA)
))
(/usr/local/texlive/2015basic/texmf-dist/tex/latex/mfirstuc/mfirstuc.sty
Package: mfirstuc 2015/12/17 v2.02 (NLCT)

(/usr/local/texlive/2015basic/texmf-dist/tex/latex/etoolbox/etoolbox.sty
Package: etoolbox 2015/05/04 v2.2 e-TeX tools for LaTeX (JAW)
\etb@tempcnta=\count121
)
\@glsmfirst=\toks24
\@glsmrest=\toks25
)
(/usr/local/texlive/2015basic/texmf-dist/tex/latex/textcase/textcase.sty
Package: textcase 2004/10/07 v0.07 Text only upper/lower case changing (DPC)
)
(/usr/local/texlive/2015basic/texmf-dist/tex/latex/xfor/xfor.sty
Package: xfor 2009/02/05 v1.05 (NLCT)
)
(/usr/local/texlive/2015basic/texmf-dist/tex/latex/datatool/datatool-base.sty
Package: datatool-base 2016/01/18 v2.25 (NLCT)

(/usr/local/texlive/2015basic/texmf-dist/tex/latex/amsmath/amsmath.sty
Package: amsmath 2013/01/14 v2.14 AMS math features
\@mathmargin=\skip51

For additional information on amsmath, use the `?' option.
(/usr/local/texlive/2015basic/texmf-dist/tex/latex/amsmath/amstext.sty
Package: amstext 2000/06/29 v2.01

(/usr/local/texlive/2015basic/texmf-dist/tex/latex/amsmath/amsgen.sty
File: amsgen.sty 1999/11/30 v2.0
\@emptytoks=\toks26
\ex@=\dimen141
))
(/usr/local/texlive/2015basic/texmf-dist/tex/latex/amsmath/amsbsy.sty
Package: amsbsy 1999/11/29 v1.2d
\pmbraise@=\dimen142
)
(/usr/local/texlive/2015basic/texmf-dist/tex/latex/amsmath/amsopn.sty
Package: amsopn 1999/12/14 v2.01 operator names
)
\inf@bad=\count122
LaTeX Info: Redefining \frac on input line 210.
\uproot@=\count123
\leftroot@=\count124
LaTeX Info: Redefining \overline on input line 306.
\classnum@=\count125
\DOTSCASE@=\count126
LaTeX Info: Redefining \ldots on input line 378.
LaTeX Info: Redefining \dots on input line 381.
LaTeX Info: Redefining \cdots on input line 466.
\Mathstrutbox@=\box32
\strutbox@=\box33
\big@size=\dimen143
LaTeX Font Info:    Redeclaring font encoding OML on input line 566.
LaTeX Font Info:    Redeclaring font encoding OMS on input line 567.
\macc@depth=\count127
\c@MaxMatrixCols=\count128
\dotsspace@=\muskip11
\c@parentequation=\count129
\dspbrk@lvl=\count130
\tag@help=\toks27
\row@=\count131
\column@=\count132
\maxfields@=\count133
\andhelp@=\toks28
\eqnshift@=\dimen144
\alignsep@=\dimen145
\tagshift@=\dimen146
\tagwidth@=\dimen147
\totwidth@=\dimen148
\lineht@=\dimen149
\@envbody=\toks29
\multlinegap=\skip52
\multlinetaggap=\skip53
\mathdisplay@stack=\toks30
LaTeX Info: Redefining \[ on input line 2665.
LaTeX Info: Redefining \] on input line 2666.
)
(/usr/local/texlive/2015basic/texmf-dist/tex/latex/substr/substr.sty
Package: substr 2009/10/20 v1.2 Handle substrings
\c@su@anzahl=\count134
)
(/usr/local/texlive/2015basic/texmf-dist/tex/latex/datatool/datatool-fp.sty
Package: datatool-fp 2016/01/18 v2.25 (NLCT)

(/usr/local/texlive/2015basic/texmf-dist/tex/latex/fp/fp.sty
Package: fp 1995/04/02

`Fixed Point Package', Version 0.8, April 2, 1995 (C) Michael Mehlich
(/usr/local/texlive/2015basic/texmf-dist/tex/latex/fp/defpattern.sty
Package: defpattern 1994/10/12
\actioncount=\count135
)
(/usr/local/texlive/2015basic/texmf-dist/tex/latex/fp/fp-basic.sty
Package: fp-basic 1996/05/13
\FP@xs=\count136
\FP@xia=\count137
\FP@xib=\count138
\FP@xfa=\count139
\FP@xfb=\count140
\FP@rega=\count141
\FP@regb=\count142
\FP@regs=\count143
\FP@times=\count144
)
(/usr/local/texlive/2015basic/texmf-dist/tex/latex/fp/fp-addons.sty
Package: fp-addons 1995/03/15
)
(/usr/local/texlive/2015basic/texmf-dist/tex/latex/fp/fp-snap.sty
Package: fp-snap 1995/04/05
)
(/usr/local/texlive/2015basic/texmf-dist/tex/latex/fp/fp-exp.sty
Package: fp-exp 1995/04/03
)
(/usr/local/texlive/2015basic/texmf-dist/tex/latex/fp/fp-trigo.sty
Package: fp-trigo 1995/04/14
)
(/usr/local/texlive/2015basic/texmf-dist/tex/latex/fp/fp-pas.sty
Package: fp-pas 1994/08/29
)
(/usr/local/texlive/2015basic/texmf-dist/tex/latex/fp/fp-random.sty
Package: fp-random 1995/02/23
\FPseed=\count145
)
(/usr/local/texlive/2015basic/texmf-dist/tex/latex/fp/fp-eqn.sty
Package: fp-eqn 1995/04/03
)
(/usr/local/texlive/2015basic/texmf-dist/tex/latex/fp/fp-upn.sty
Package: fp-upn 1996/10/21
)
(/usr/local/texlive/2015basic/texmf-dist/tex/latex/fp/fp-eval.sty
Package: fp-eval 1995/04/03
)))
\@dtl@toks=\toks31
\@dtl@tmpcount=\count146
\dtl@tmplength=\skip54
\dtl@sortresult=\count147
\@dtl@numgrpsepcount=\count148
\@dtl@datatype=\count149
\dtl@codeA=\count150
\dtl@codeB=\count151
\@dtl@foreach@level=\count152
)
(/usr/local/texlive/2015basic/texmf-dist/tex/latex/glossaries/base/glossaries-c
ompatible-307.sty
Package: glossaries-compatible-307 2016/01/24 v4.21 (NLCT)
)
\gls@level=\count153
\@gls@tmpb=\toks32
\gls@tmplen=\skip55
\glskeylisttok=\toks33
\glslabeltok=\toks34
\glsshorttok=\toks35
\glslongtok=\toks36

(/usr/local/texlive/2015basic/texmf-dist/tex/latex/glossaries/styles/glossary-h
ypernav.sty
Package: glossary-hypernav 2016/01/24 v4.21 (NLCT)
)
(/usr/local/texlive/2015basic/texmf-dist/tex/latex/glossaries/styles/glossary-l
ist.sty
Package: glossary-list 2016/01/24 v4.21 (NLCT)
\glslistdottedwidth=\skip56
)
(/usr/local/texlive/2015basic/texmf-dist/tex/latex/glossaries/styles/glossary-l
ong.sty
Package: glossary-long 2016/01/24 v4.21 (NLCT)
\glsdescwidth=\skip57
\glspagelistwidth=\skip58
)
(/usr/local/texlive/2015basic/texmf-dist/tex/latex/glossaries/styles/glossary-t
ree.sty
Package: glossary-tree 2016/01/24 v4.21 (NLCT)
\glstreeindent=\skip59
))
(/usr/local/texlive/2015basic/texmf-dist/tex/latex/changebar/changebar.sty
Package: changebar 2005/09/18 v3.5c Indicate changes with marginal bars
\cb@nextpoint=\count154
\cb@topleft=\count155
\cb@topright=\count156
\cb@botleft=\count157
\cb@botright=\count158
\cb@cnta=\count159
\cb@cntb=\count160
\cb@dima=\dimen150
\cb@curbarwd=\dimen151
\cb@page=\count161
\cb@pagecount=\count162
\cb@odd@left=\dimen152
\cb@odd@right=\dimen153
\cb@even@left=\dimen154
\cb@even@right=\dimen155
\cb@writexy=\write3
\cb@readxy=\read2
\openout3 = `diss.cb2'.

\changebarwidth=\skip60
\deletebarwidth=\skip61
\changebarsep=\skip62
\c@changebargrey=\count163
\cb@write=\write4
\cb@read=\read3
\openout4 = `diss.cb'.

)
(/usr/local/texlive/2015basic/texmf-dist/tex/latex/rotating/rotating.sty
Package: rotating 2009/03/28 v2.16a rotated objects in LaTeX
\c@r@tfl@t=\count164
\rotFPtop=\skip63
\rotFPbot=\skip64
\rot@float@box=\box34
\rot@mess@toks=\toks37
)
(/usr/local/texlive/2015basic/texmf-dist/tex/latex/pgf/frontendlayer/tikz.sty
(/usr/local/texlive/2015basic/texmf-dist/tex/latex/pgf/basiclayer/pgf.sty
(/usr/local/texlive/2015basic/texmf-dist/tex/latex/pgf/utilities/pgfrcs.sty
(/usr/local/texlive/2015basic/texmf-dist/tex/generic/pgf/utilities/pgfutil-comm
on.tex
\pgfutil@everybye=\toks38
\pgfutil@tempdima=\dimen156
\pgfutil@tempdimb=\dimen157

(/usr/local/texlive/2015basic/texmf-dist/tex/generic/pgf/utilities/pgfutil-comm
on-lists.tex))
(/usr/local/texlive/2015basic/texmf-dist/tex/generic/pgf/utilities/pgfutil-late
x.def
\pgfutil@abb=\box35
 (/usr/local/texlive/2015basic/texmf-dist/tex/latex/ms/everyshi.sty
Package: everyshi 2001/05/15 v3.00 EveryShipout Package (MS)
))
(/usr/local/texlive/2015basic/texmf-dist/tex/generic/pgf/utilities/pgfrcs.code.
tex
Package: pgfrcs 2013/12/20 v3.0.0 (rcs-revision 1.28)
))
Package: pgf 2013/12/18 v3.0.0 (rcs-revision 1.14)

(/usr/local/texlive/2015basic/texmf-dist/tex/latex/pgf/basiclayer/pgfcore.sty
(/usr/local/texlive/2015basic/texmf-dist/tex/latex/pgf/systemlayer/pgfsys.sty
(/usr/local/texlive/2015basic/texmf-dist/tex/generic/pgf/systemlayer/pgfsys.cod
e.tex
Package: pgfsys 2013/11/30 v3.0.0 (rcs-revision 1.47)

(/usr/local/texlive/2015basic/texmf-dist/tex/generic/pgf/utilities/pgfkeys.code
.tex
\pgfkeys@pathtoks=\toks39
\pgfkeys@temptoks=\toks40

(/usr/local/texlive/2015basic/texmf-dist/tex/generic/pgf/utilities/pgfkeysfilte
red.code.tex
\pgfkeys@tmptoks=\toks41
))
\pgf@x=\dimen158
\pgf@y=\dimen159
\pgf@xa=\dimen160
\pgf@ya=\dimen161
\pgf@xb=\dimen162
\pgf@yb=\dimen163
\pgf@xc=\dimen164
\pgf@yc=\dimen165
\w@pgf@writea=\write5
\r@pgf@reada=\read4
\c@pgf@counta=\count165
\c@pgf@countb=\count166
\c@pgf@countc=\count167
\c@pgf@countd=\count168
\t@pgf@toka=\toks42
\t@pgf@tokb=\toks43
\t@pgf@tokc=\toks44

(/usr/local/texlive/2015basic/texmf-dist/tex/generic/pgf/systemlayer/pgf.cfg
File: pgf.cfg 2008/05/14  (rcs-revision 1.7)
)
Driver file for pgf: pgfsys-pdftex.def

(/usr/local/texlive/2015basic/texmf-dist/tex/generic/pgf/systemlayer/pgfsys-pdf
tex.def
File: pgfsys-pdftex.def 2013/07/18  (rcs-revision 1.33)

(/usr/local/texlive/2015basic/texmf-dist/tex/generic/pgf/systemlayer/pgfsys-com
mon-pdf.def
File: pgfsys-common-pdf.def 2013/10/10  (rcs-revision 1.13)
)))
(/usr/local/texlive/2015basic/texmf-dist/tex/generic/pgf/systemlayer/pgfsyssoft
path.code.tex
File: pgfsyssoftpath.code.tex 2013/09/09  (rcs-revision 1.9)
\pgfsyssoftpath@smallbuffer@items=\count169
\pgfsyssoftpath@bigbuffer@items=\count170
)
(/usr/local/texlive/2015basic/texmf-dist/tex/generic/pgf/systemlayer/pgfsysprot
ocol.code.tex
File: pgfsysprotocol.code.tex 2006/10/16  (rcs-revision 1.4)
))
(/usr/local/texlive/2015basic/texmf-dist/tex/generic/pgf/basiclayer/pgfcore.cod
e.tex
Package: pgfcore 2010/04/11 v3.0.0 (rcs-revision 1.7)

(/usr/local/texlive/2015basic/texmf-dist/tex/generic/pgf/math/pgfmath.code.tex
(/usr/local/texlive/2015basic/texmf-dist/tex/generic/pgf/math/pgfmathcalc.code.
tex
(/usr/local/texlive/2015basic/texmf-dist/tex/generic/pgf/math/pgfmathutil.code.
tex)
(/usr/local/texlive/2015basic/texmf-dist/tex/generic/pgf/math/pgfmathparser.cod
e.tex
\pgfmath@dimen=\dimen166
\pgfmath@count=\count171
\pgfmath@box=\box36
\pgfmath@toks=\toks45
\pgfmath@stack@operand=\toks46
\pgfmath@stack@operation=\toks47
)
(/usr/local/texlive/2015basic/texmf-dist/tex/generic/pgf/math/pgfmathfunctions.
code.tex
(/usr/local/texlive/2015basic/texmf-dist/tex/generic/pgf/math/pgfmathfunctions.
basic.code.tex)
(/usr/local/texlive/2015basic/texmf-dist/tex/generic/pgf/math/pgfmathfunctions.
trigonometric.code.tex)
(/usr/local/texlive/2015basic/texmf-dist/tex/generic/pgf/math/pgfmathfunctions.
random.code.tex)
(/usr/local/texlive/2015basic/texmf-dist/tex/generic/pgf/math/pgfmathfunctions.
comparison.code.tex)
(/usr/local/texlive/2015basic/texmf-dist/tex/generic/pgf/math/pgfmathfunctions.
base.code.tex)
(/usr/local/texlive/2015basic/texmf-dist/tex/generic/pgf/math/pgfmathfunctions.
round.code.tex)
(/usr/local/texlive/2015basic/texmf-dist/tex/generic/pgf/math/pgfmathfunctions.
misc.code.tex)
(/usr/local/texlive/2015basic/texmf-dist/tex/generic/pgf/math/pgfmathfunctions.
integerarithmetics.code.tex)))
(/usr/local/texlive/2015basic/texmf-dist/tex/generic/pgf/math/pgfmathfloat.code
.tex
\c@pgfmathroundto@lastzeros=\count172
))
(/usr/local/texlive/2015basic/texmf-dist/tex/generic/pgf/basiclayer/pgfcorepoin
ts.code.tex
File: pgfcorepoints.code.tex 2013/10/07  (rcs-revision 1.27)
\pgf@picminx=\dimen167
\pgf@picmaxx=\dimen168
\pgf@picminy=\dimen169
\pgf@picmaxy=\dimen170
\pgf@pathminx=\dimen171
\pgf@pathmaxx=\dimen172
\pgf@pathminy=\dimen173
\pgf@pathmaxy=\dimen174
\pgf@xx=\dimen175
\pgf@xy=\dimen176
\pgf@yx=\dimen177
\pgf@yy=\dimen178
\pgf@zx=\dimen179
\pgf@zy=\dimen180
)
(/usr/local/texlive/2015basic/texmf-dist/tex/generic/pgf/basiclayer/pgfcorepath
construct.code.tex
File: pgfcorepathconstruct.code.tex 2013/10/07  (rcs-revision 1.29)
\pgf@path@lastx=\dimen181
\pgf@path@lasty=\dimen182
)
(/usr/local/texlive/2015basic/texmf-dist/tex/generic/pgf/basiclayer/pgfcorepath
usage.code.tex
File: pgfcorepathusage.code.tex 2013/12/13  (rcs-revision 1.23)
\pgf@shorten@end@additional=\dimen183
\pgf@shorten@start@additional=\dimen184
)
(/usr/local/texlive/2015basic/texmf-dist/tex/generic/pgf/basiclayer/pgfcorescop
es.code.tex
File: pgfcorescopes.code.tex 2013/10/09  (rcs-revision 1.44)
\pgfpic=\box37
\pgf@hbox=\box38
\pgf@layerbox@main=\box39
\pgf@picture@serial@count=\count173
)
(/usr/local/texlive/2015basic/texmf-dist/tex/generic/pgf/basiclayer/pgfcoregrap
hicstate.code.tex
File: pgfcoregraphicstate.code.tex 2013/09/19  (rcs-revision 1.11)
\pgflinewidth=\dimen185
)
(/usr/local/texlive/2015basic/texmf-dist/tex/generic/pgf/basiclayer/pgfcoretran
sformations.code.tex
File: pgfcoretransformations.code.tex 2013/10/10  (rcs-revision 1.17)
\pgf@pt@x=\dimen186
\pgf@pt@y=\dimen187
\pgf@pt@temp=\dimen188
)
(/usr/local/texlive/2015basic/texmf-dist/tex/generic/pgf/basiclayer/pgfcorequic
k.code.tex
File: pgfcorequick.code.tex 2008/10/09  (rcs-revision 1.3)
)
(/usr/local/texlive/2015basic/texmf-dist/tex/generic/pgf/basiclayer/pgfcoreobje
cts.code.tex
File: pgfcoreobjects.code.tex 2006/10/11  (rcs-revision 1.2)
)
(/usr/local/texlive/2015basic/texmf-dist/tex/generic/pgf/basiclayer/pgfcorepath
processing.code.tex
File: pgfcorepathprocessing.code.tex 2013/09/09  (rcs-revision 1.9)
)
(/usr/local/texlive/2015basic/texmf-dist/tex/generic/pgf/basiclayer/pgfcorearro
ws.code.tex
File: pgfcorearrows.code.tex 2013/11/07  (rcs-revision 1.40)
\pgfarrowsep=\dimen189
)
(/usr/local/texlive/2015basic/texmf-dist/tex/generic/pgf/basiclayer/pgfcoreshad
e.code.tex
File: pgfcoreshade.code.tex 2013/07/15  (rcs-revision 1.15)
\pgf@max=\dimen190
\pgf@sys@shading@range@num=\count174
)
(/usr/local/texlive/2015basic/texmf-dist/tex/generic/pgf/basiclayer/pgfcoreimag
e.code.tex
File: pgfcoreimage.code.tex 2013/07/15  (rcs-revision 1.18)

(/usr/local/texlive/2015basic/texmf-dist/tex/generic/pgf/basiclayer/pgfcoreexte
rnal.code.tex
File: pgfcoreexternal.code.tex 2013/07/15  (rcs-revision 1.20)
\pgfexternal@startupbox=\box40
))
(/usr/local/texlive/2015basic/texmf-dist/tex/generic/pgf/basiclayer/pgfcorelaye
rs.code.tex
File: pgfcorelayers.code.tex 2013/07/18  (rcs-revision 1.7)
)
(/usr/local/texlive/2015basic/texmf-dist/tex/generic/pgf/basiclayer/pgfcoretran
sparency.code.tex
File: pgfcoretransparency.code.tex 2013/09/30  (rcs-revision 1.5)
)
(/usr/local/texlive/2015basic/texmf-dist/tex/generic/pgf/basiclayer/pgfcorepatt
erns.code.tex
File: pgfcorepatterns.code.tex 2013/11/07  (rcs-revision 1.5)
)))
(/usr/local/texlive/2015basic/texmf-dist/tex/generic/pgf/modules/pgfmoduleshape
s.code.tex
File: pgfmoduleshapes.code.tex 2013/10/31  (rcs-revision 1.34)
\pgfnodeparttextbox=\box41
)
(/usr/local/texlive/2015basic/texmf-dist/tex/generic/pgf/modules/pgfmoduleplot.
code.tex
File: pgfmoduleplot.code.tex 2013/07/31  (rcs-revision 1.12)
)
(/usr/local/texlive/2015basic/texmf-dist/tex/latex/pgf/compatibility/pgfcomp-ve
rsion-0-65.sty
Package: pgfcomp-version-0-65 2007/07/03 v3.0.0 (rcs-revision 1.7)
\pgf@nodesepstart=\dimen191
\pgf@nodesepend=\dimen192
)
(/usr/local/texlive/2015basic/texmf-dist/tex/latex/pgf/compatibility/pgfcomp-ve
rsion-1-18.sty
Package: pgfcomp-version-1-18 2007/07/23 v3.0.0 (rcs-revision 1.1)
))
(/usr/local/texlive/2015basic/texmf-dist/tex/latex/pgf/utilities/pgffor.sty
(/usr/local/texlive/2015basic/texmf-dist/tex/latex/pgf/utilities/pgfkeys.sty
(/usr/local/texlive/2015basic/texmf-dist/tex/generic/pgf/utilities/pgfkeys.code
.tex)) (/usr/local/texlive/2015basic/texmf-dist/tex/latex/pgf/math/pgfmath.sty
(/usr/local/texlive/2015basic/texmf-dist/tex/generic/pgf/math/pgfmath.code.tex)
)
(/usr/local/texlive/2015basic/texmf-dist/tex/generic/pgf/utilities/pgffor.code.
tex
Package: pgffor 2013/12/13 v3.0.0 (rcs-revision 1.25)

(/usr/local/texlive/2015basic/texmf-dist/tex/generic/pgf/math/pgfmath.code.tex)
\pgffor@iter=\dimen193
\pgffor@skip=\dimen194
\pgffor@stack=\toks48
\pgffor@toks=\toks49
))
(/usr/local/texlive/2015basic/texmf-dist/tex/generic/pgf/frontendlayer/tikz/tik
z.code.tex
Package: tikz 2013/12/13 v3.0.0 (rcs-revision 1.142)

(/usr/local/texlive/2015basic/texmf-dist/tex/generic/pgf/libraries/pgflibrarypl
othandlers.code.tex
File: pgflibraryplothandlers.code.tex 2013/08/31 v3.0.0 (rcs-revision 1.20)
\pgf@plot@mark@count=\count175
\pgfplotmarksize=\dimen195
)
\tikz@lastx=\dimen196
\tikz@lasty=\dimen197
\tikz@lastxsaved=\dimen198
\tikz@lastysaved=\dimen199
\tikzleveldistance=\dimen200
\tikzsiblingdistance=\dimen201
\tikz@figbox=\box42
\tikz@figbox@bg=\box43
\tikz@tempbox=\box44
\tikz@tempbox@bg=\box45
\tikztreelevel=\count176
\tikznumberofchildren=\count177
\tikznumberofcurrentchild=\count178
\tikz@fig@count=\count179

(/usr/local/texlive/2015basic/texmf-dist/tex/generic/pgf/modules/pgfmodulematri
x.code.tex
File: pgfmodulematrix.code.tex 2013/09/17  (rcs-revision 1.8)
\pgfmatrixcurrentrow=\count180
\pgfmatrixcurrentcolumn=\count181
\pgf@matrix@numberofcolumns=\count182
)
\tikz@expandcount=\count183

(/usr/local/texlive/2015basic/texmf-dist/tex/generic/pgf/frontendlayer/tikz/lib
raries/tikzlibrarytopaths.code.tex
File: tikzlibrarytopaths.code.tex 2008/06/17 v3.0.0 (rcs-revision 1.2)
)))
(/usr/local/texlive/2015basic/texmf-dist/tex/latex/pgfplots/pgfplots.sty
(/usr/local/texlive/2015basic/texmf-dist/tex/generic/pgfplots/pgfplots.revision
.tex)
Package: pgfplots 2016/01/06 v1.13 Data Visualization (1.13)

(/usr/local/texlive/2015basic/texmf-dist/tex/generic/pgfplots/pgfplots.code.tex

(/usr/local/texlive/2015basic/texmf-dist/tex/generic/pgfplots/pgfplotscore.code
.tex
\t@pgfplots@toka=\toks50
\t@pgfplots@tokb=\toks51
\t@pgfplots@tokc=\toks52
\pgfplots@tmpa=\dimen202
\c@pgfplots@coordindex=\count184
\c@pgfplots@scanlineindex=\count185

(/usr/local/texlive/2015basic/texmf-dist/tex/generic/pgfplots/sys/pgfplotssysge
neric.code.tex))
(/usr/local/texlive/2015basic/texmf-dist/tex/generic/pgfplots/libs/pgfplotslibr
ary.code.tex)
(/usr/local/texlive/2015basic/texmf-dist/tex/generic/pgfplots/oldpgfcompatib/pg
fplotsoldpgfsupp_loader.code.tex
(/usr/local/texlive/2015basic/texmf-dist/tex/generic/pgf/libraries/pgflibraryfp
u.code.tex)
Package pgfplots: loading complementary arithmetics for your pgf version...

(/usr/local/texlive/2015basic/texmf-dist/tex/generic/pgfplots/oldpgfcompatib/pg
fplotsoldpgfsupp_pgflibraryfpu.code.tex)
(/usr/local/texlive/2015basic/texmf-dist/tex/generic/pgfplots/oldpgfcompatib/pg
fplotsoldpgfsupp_pgfmathfloat.code.tex
\c@pgfmathroundto@lastzeros=\count186
)
(/usr/local/texlive/2015basic/texmf-dist/tex/generic/pgfplots/oldpgfcompatib/pg
fplotsoldpgfsupp_trig_format.code.tex))
(/usr/local/texlive/2015basic/texmf-dist/tex/generic/pgfplots/util/pgfplotsutil
.code.tex
(/usr/local/texlive/2015basic/texmf-dist/tex/generic/pgfplots/liststructure/pgf
plotsliststructure.code.tex)
(/usr/local/texlive/2015basic/texmf-dist/tex/generic/pgfplots/liststructure/pgf
plotsliststructureext.code.tex)
(/usr/local/texlive/2015basic/texmf-dist/tex/generic/pgfplots/liststructure/pgf
plotsarray.code.tex
\c@pgfplotsarray@tmp=\count187
)
(/usr/local/texlive/2015basic/texmf-dist/tex/generic/pgfplots/liststructure/pgf
plotsmatrix.code.tex)
(/usr/local/texlive/2015basic/texmf-dist/tex/generic/pgfplots/numtable/pgfplots
tableshared.code.tex
\c@pgfplotstable@counta=\count188
\t@pgfplotstable@a=\toks53
)
(/usr/local/texlive/2015basic/texmf-dist/tex/generic/pgfplots/liststructure/pgf
plotsdeque.code.tex)
(/usr/local/texlive/2015basic/texmf-dist/tex/generic/pgfplots/util/pgfplotsbina
ry.code.tex
(/usr/local/texlive/2015basic/texmf-dist/tex/generic/pgfplots/util/pgfplotsbina
ry.data.code.tex))
(/usr/local/texlive/2015basic/texmf-dist/tex/generic/pgfplots/util/pgfplotsutil
.verb.code.tex)
(/usr/local/texlive/2015basic/texmf-dist/tex/generic/pgfplots/libs/pgflibrarypg
fplots.surfshading.code.tex
\c@pgfplotslibrarysurf@no=\count189

(/usr/local/texlive/2015basic/texmf-dist/tex/generic/pgfplots/sys/pgflibrarypgf
plots.surfshading.pgfsys-pdftex.def)))
(/usr/local/texlive/2015basic/texmf-dist/tex/generic/pgfplots/util/pgfplotscolo
rmap.code.tex
(/usr/local/texlive/2015basic/texmf-dist/tex/generic/pgfplots/util/pgfplotscolo
r.code.tex))
(/usr/local/texlive/2015basic/texmf-dist/tex/generic/pgfplots/pgfplotsstackedpl
ots.code.tex)
(/usr/local/texlive/2015basic/texmf-dist/tex/generic/pgfplots/pgfplotsplothandl
ers.code.tex
(/usr/local/texlive/2015basic/texmf-dist/tex/generic/pgfplots/pgfplotsmeshploth
andler.code.tex
(/usr/local/texlive/2015basic/texmf-dist/tex/generic/pgfplots/pgfplotsmeshploti
mage.code.tex)))
(/usr/local/texlive/2015basic/texmf-dist/tex/generic/pgfplots/pgfplots.scaling.
code.tex)
(/usr/local/texlive/2015basic/texmf-dist/tex/generic/pgfplots/pgfplotscoordproc
essing.code.tex)
(/usr/local/texlive/2015basic/texmf-dist/tex/generic/pgfplots/pgfplots.errorbar
s.code.tex)
(/usr/local/texlive/2015basic/texmf-dist/tex/generic/pgfplots/pgfplots.markers.
code.tex)
(/usr/local/texlive/2015basic/texmf-dist/tex/generic/pgfplots/pgfplotsticks.cod
e.tex)
(/usr/local/texlive/2015basic/texmf-dist/tex/generic/pgfplots/pgfplots.paths.co
de.tex)
(/usr/local/texlive/2015basic/texmf-dist/tex/generic/pgf/frontendlayer/tikz/lib
raries/tikzlibrarydecorations.code.tex
(/usr/local/texlive/2015basic/texmf-dist/tex/generic/pgf/modules/pgfmoduledecor
ations.code.tex
\pgfdecoratedcompleteddistance=\dimen203
\pgfdecoratedremainingdistance=\dimen204
\pgfdecoratedinputsegmentcompleteddistance=\dimen205
\pgfdecoratedinputsegmentremainingdistance=\dimen206
\pgf@decorate@distancetomove=\dimen207
\pgf@decorate@repeatstate=\count190
\pgfdecorationsegmentamplitude=\dimen208
\pgfdecorationsegmentlength=\dimen209
)
\tikz@lib@dec@box=\box46
)
(/usr/local/texlive/2015basic/texmf-dist/tex/generic/pgf/frontendlayer/tikz/lib
raries/tikzlibrarydecorations.pathmorphing.code.tex
(/usr/local/texlive/2015basic/texmf-dist/tex/generic/pgf/libraries/decorations/
pgflibrarydecorations.pathmorphing.code.tex))
(/usr/local/texlive/2015basic/texmf-dist/tex/generic/pgf/frontendlayer/tikz/lib
raries/tikzlibrarydecorations.pathreplacing.code.tex
(/usr/local/texlive/2015basic/texmf-dist/tex/generic/pgf/libraries/decorations/
pgflibrarydecorations.pathreplacing.code.tex))
\pgfplots@numplots=\count191
\pgfplots@xmin@reg=\dimen210
\pgfplots@xmax@reg=\dimen211
\pgfplots@ymin@reg=\dimen212
\pgfplots@ymax@reg=\dimen213
\pgfplots@zmin@reg=\dimen214
\pgfplots@zmax@reg=\dimen215
)
(/usr/local/texlive/2015basic/texmf-dist/tex/generic/pgf/frontendlayer/tikz/lib
raries/tikzlibraryplotmarks.code.tex
File: tikzlibraryplotmarks.code.tex 2008/01/09 v3.0.0 (rcs-revision 1.1)

(/usr/local/texlive/2015basic/texmf-dist/tex/generic/pgf/libraries/pgflibrarypl
otmarks.code.tex
File: pgflibraryplotmarks.code.tex 2013/07/20 v3.0.0 (rcs-revision 1.13)
)))
(/usr/local/texlive/2015basic/texmf-dist/tex/latex/pgfplots/pgfplotstable.sty
(/usr/local/texlive/2015basic/texmf-dist/tex/generic/pgfplots/pgfplots.revision
.tex)
Package: pgfplotstable 2016/01/06 v1.13 Table typesetting and Pretty-printing (
1.13)

(/usr/local/texlive/2015basic/texmf-dist/tex/generic/pgfplots/numtable/pgfplots
table.code.tex
(/usr/local/texlive/2015basic/texmf-dist/tex/generic/pgfplots/numtable/pgfplots
table.coltype.code.tex)))
(/usr/local/texlive/2015basic/texmf-dist/tex/latex/base/inputenc.sty
Package: inputenc 2015/03/17 v1.2c Input encoding file
\inpenc@prehook=\toks54
\inpenc@posthook=\toks55

(/usr/local/texlive/2015basic/texmf-dist/tex/latex/base/utf8.def
File: utf8.def 2014/09/29 v1.1m UTF-8 support for inputenc
Now handling font encoding OML ...
... no UTF-8 mapping file for font encoding OML
Now handling font encoding T1 ...
... processing UTF-8 mapping file for font encoding T1

(/usr/local/texlive/2015basic/texmf-dist/tex/latex/base/t1enc.dfu
File: t1enc.dfu 2014/09/29 v1.1m UTF-8 support for inputenc
   defining Unicode char U+00A1 (decimal 161)
   defining Unicode char U+00A3 (decimal 163)
   defining Unicode char U+00AB (decimal 171)
   defining Unicode char U+00BB (decimal 187)
   defining Unicode char U+00BF (decimal 191)
   defining Unicode char U+00C0 (decimal 192)
   defining Unicode char U+00C1 (decimal 193)
   defining Unicode char U+00C2 (decimal 194)
   defining Unicode char U+00C3 (decimal 195)
   defining Unicode char U+00C4 (decimal 196)
   defining Unicode char U+00C5 (decimal 197)
   defining Unicode char U+00C6 (decimal 198)
   defining Unicode char U+00C7 (decimal 199)
   defining Unicode char U+00C8 (decimal 200)
   defining Unicode char U+00C9 (decimal 201)
   defining Unicode char U+00CA (decimal 202)
   defining Unicode char U+00CB (decimal 203)
   defining Unicode char U+00CC (decimal 204)
   defining Unicode char U+00CD (decimal 205)
   defining Unicode char U+00CE (decimal 206)
   defining Unicode char U+00CF (decimal 207)
   defining Unicode char U+00D0 (decimal 208)
   defining Unicode char U+00D1 (decimal 209)
   defining Unicode char U+00D2 (decimal 210)
   defining Unicode char U+00D3 (decimal 211)
   defining Unicode char U+00D4 (decimal 212)
   defining Unicode char U+00D5 (decimal 213)
   defining Unicode char U+00D6 (decimal 214)
   defining Unicode char U+00D8 (decimal 216)
   defining Unicode char U+00D9 (decimal 217)
   defining Unicode char U+00DA (decimal 218)
   defining Unicode char U+00DB (decimal 219)
   defining Unicode char U+00DC (decimal 220)
   defining Unicode char U+00DD (decimal 221)
   defining Unicode char U+00DE (decimal 222)
   defining Unicode char U+00DF (decimal 223)
   defining Unicode char U+00E0 (decimal 224)
   defining Unicode char U+00E1 (decimal 225)
   defining Unicode char U+00E2 (decimal 226)
   defining Unicode char U+00E3 (decimal 227)
   defining Unicode char U+00E4 (decimal 228)
   defining Unicode char U+00E5 (decimal 229)
   defining Unicode char U+00E6 (decimal 230)
   defining Unicode char U+00E7 (decimal 231)
   defining Unicode char U+00E8 (decimal 232)
   defining Unicode char U+00E9 (decimal 233)
   defining Unicode char U+00EA (decimal 234)
   defining Unicode char U+00EB (decimal 235)
   defining Unicode char U+00EC (decimal 236)
   defining Unicode char U+00ED (decimal 237)
   defining Unicode char U+00EE (decimal 238)
   defining Unicode char U+00EF (decimal 239)
   defining Unicode char U+00F0 (decimal 240)
   defining Unicode char U+00F1 (decimal 241)
   defining Unicode char U+00F2 (decimal 242)
   defining Unicode char U+00F3 (decimal 243)
   defining Unicode char U+00F4 (decimal 244)
   defining Unicode char U+00F5 (decimal 245)
   defining Unicode char U+00F6 (decimal 246)
   defining Unicode char U+00F8 (decimal 248)
   defining Unicode char U+00F9 (decimal 249)
   defining Unicode char U+00FA (decimal 250)
   defining Unicode char U+00FB (decimal 251)
   defining Unicode char U+00FC (decimal 252)
   defining Unicode char U+00FD (decimal 253)
   defining Unicode char U+00FE (decimal 254)
   defining Unicode char U+00FF (decimal 255)
   defining Unicode char U+0102 (decimal 258)
   defining Unicode char U+0103 (decimal 259)
   defining Unicode char U+0104 (decimal 260)
   defining Unicode char U+0105 (decimal 261)
   defining Unicode char U+0106 (decimal 262)
   defining Unicode char U+0107 (decimal 263)
   defining Unicode char U+010C (decimal 268)
   defining Unicode char U+010D (decimal 269)
   defining Unicode char U+010E (decimal 270)
   defining Unicode char U+010F (decimal 271)
   defining Unicode char U+0110 (decimal 272)
   defining Unicode char U+0111 (decimal 273)
   defining Unicode char U+0118 (decimal 280)
   defining Unicode char U+0119 (decimal 281)
   defining Unicode char U+011A (decimal 282)
   defining Unicode char U+011B (decimal 283)
   defining Unicode char U+011E (decimal 286)
   defining Unicode char U+011F (decimal 287)
   defining Unicode char U+0130 (decimal 304)
   defining Unicode char U+0131 (decimal 305)
   defining Unicode char U+0132 (decimal 306)
   defining Unicode char U+0133 (decimal 307)
   defining Unicode char U+0139 (decimal 313)
   defining Unicode char U+013A (decimal 314)
   defining Unicode char U+013D (decimal 317)
   defining Unicode char U+013E (decimal 318)
   defining Unicode char U+0141 (decimal 321)
   defining Unicode char U+0142 (decimal 322)
   defining Unicode char U+0143 (decimal 323)
   defining Unicode char U+0144 (decimal 324)
   defining Unicode char U+0147 (decimal 327)
   defining Unicode char U+0148 (decimal 328)
   defining Unicode char U+014A (decimal 330)
   defining Unicode char U+014B (decimal 331)
   defining Unicode char U+0150 (decimal 336)
   defining Unicode char U+0151 (decimal 337)
   defining Unicode char U+0152 (decimal 338)
   defining Unicode char U+0153 (decimal 339)
   defining Unicode char U+0154 (decimal 340)
   defining Unicode char U+0155 (decimal 341)
   defining Unicode char U+0158 (decimal 344)
   defining Unicode char U+0159 (decimal 345)
   defining Unicode char U+015A (decimal 346)
   defining Unicode char U+015B (decimal 347)
   defining Unicode char U+015E (decimal 350)
   defining Unicode char U+015F (decimal 351)
   defining Unicode char U+0160 (decimal 352)
   defining Unicode char U+0161 (decimal 353)
   defining Unicode char U+0162 (decimal 354)
   defining Unicode char U+0163 (decimal 355)
   defining Unicode char U+0164 (decimal 356)
   defining Unicode char U+0165 (decimal 357)
   defining Unicode char U+016E (decimal 366)
   defining Unicode char U+016F (decimal 367)
   defining Unicode char U+0170 (decimal 368)
   defining Unicode char U+0171 (decimal 369)
   defining Unicode char U+0178 (decimal 376)
   defining Unicode char U+0179 (decimal 377)
   defining Unicode char U+017A (decimal 378)
   defining Unicode char U+017B (decimal 379)
   defining Unicode char U+017C (decimal 380)
   defining Unicode char U+017D (decimal 381)
   defining Unicode char U+017E (decimal 382)
   defining Unicode char U+200C (decimal 8204)
   defining Unicode char U+2013 (decimal 8211)
   defining Unicode char U+2014 (decimal 8212)
   defining Unicode char U+2018 (decimal 8216)
   defining Unicode char U+2019 (decimal 8217)
   defining Unicode char U+201A (decimal 8218)
   defining Unicode char U+201C (decimal 8220)
   defining Unicode char U+201D (decimal 8221)
   defining Unicode char U+201E (decimal 8222)
   defining Unicode char U+2030 (decimal 8240)
   defining Unicode char U+2031 (decimal 8241)
   defining Unicode char U+2039 (decimal 8249)
   defining Unicode char U+203A (decimal 8250)
   defining Unicode char U+2423 (decimal 9251)
)
Now handling font encoding OT1 ...
... processing UTF-8 mapping file for font encoding OT1

(/usr/local/texlive/2015basic/texmf-dist/tex/latex/base/ot1enc.dfu
File: ot1enc.dfu 2014/09/29 v1.1m UTF-8 support for inputenc
   defining Unicode char U+00A1 (decimal 161)
   defining Unicode char U+00A3 (decimal 163)
   defining Unicode char U+00B8 (decimal 184)
   defining Unicode char U+00BF (decimal 191)
   defining Unicode char U+00C5 (decimal 197)
   defining Unicode char U+00C6 (decimal 198)
   defining Unicode char U+00D8 (decimal 216)
   defining Unicode char U+00DF (decimal 223)
   defining Unicode char U+00E6 (decimal 230)
   defining Unicode char U+00EC (decimal 236)
   defining Unicode char U+00ED (decimal 237)
   defining Unicode char U+00EE (decimal 238)
   defining Unicode char U+00EF (decimal 239)
   defining Unicode char U+00F8 (decimal 248)
   defining Unicode char U+0131 (decimal 305)
   defining Unicode char U+0141 (decimal 321)
   defining Unicode char U+0142 (decimal 322)
   defining Unicode char U+0152 (decimal 338)
   defining Unicode char U+0153 (decimal 339)
   defining Unicode char U+2013 (decimal 8211)
   defining Unicode char U+2014 (decimal 8212)
   defining Unicode char U+2018 (decimal 8216)
   defining Unicode char U+2019 (decimal 8217)
   defining Unicode char U+201C (decimal 8220)
   defining Unicode char U+201D (decimal 8221)
)
Now handling font encoding OMS ...
... processing UTF-8 mapping file for font encoding OMS

(/usr/local/texlive/2015basic/texmf-dist/tex/latex/base/omsenc.dfu
File: omsenc.dfu 2014/09/29 v1.1m UTF-8 support for inputenc
   defining Unicode char U+00A7 (decimal 167)
   defining Unicode char U+00B6 (decimal 182)
   defining Unicode char U+00B7 (decimal 183)
   defining Unicode char U+2020 (decimal 8224)
   defining Unicode char U+2021 (decimal 8225)
   defining Unicode char U+2022 (decimal 8226)
)
Now handling font encoding OMX ...
... no UTF-8 mapping file for font encoding OMX
Now handling font encoding U ...
... no UTF-8 mapping file for font encoding U
Now handling font encoding PD1 ...
... no UTF-8 mapping file for font encoding PD1
   defining Unicode char U+00A9 (decimal 169)
   defining Unicode char U+00AA (decimal 170)
   defining Unicode char U+00AE (decimal 174)
   defining Unicode char U+00BA (decimal 186)
   defining Unicode char U+02C6 (decimal 710)
   defining Unicode char U+02DC (decimal 732)
   defining Unicode char U+200C (decimal 8204)
   defining Unicode char U+2026 (decimal 8230)
   defining Unicode char U+2122 (decimal 8482)
   defining Unicode char U+2423 (decimal 9251)
))
(/usr/local/texlive/2015basic/texmf-dist/tex/latex/biblatex/biblatex.sty
Package: biblatex 2015/12/22 v3.2 programmable bibliographies (PK/JW/AB)

(/usr/local/texlive/2015basic/texmf-dist/tex/latex/biblatex/biblatex2.sty
Package: biblatex2 2015/12/22 v3.2 programmable bibliographies (biber) (PK/JW/A
B)

(/usr/local/texlive/2015basic/texmf-dist/tex/latex/logreq/logreq.sty
Package: logreq 2010/08/04 v1.0 xml request logger
\lrq@indent=\count192

(/usr/local/texlive/2015basic/texmf-dist/tex/latex/logreq/logreq.def
File: logreq.def 2010/08/04 v1.0 logreq spec v1.0
))
\c@tabx@nest=\count193
\c@listtotal=\count194
\c@listcount=\count195
\c@liststart=\count196
\c@liststop=\count197
\c@citecount=\count198
\c@citetotal=\count199
\c@multicitecount=\count200
\c@multicitetotal=\count201
\c@instcount=\count202
\c@maxnames=\count203
\c@minnames=\count204
\c@maxitems=\count205
\c@minitems=\count206
\c@citecounter=\count207
\c@savedcitecounter=\count208
\c@uniquelist=\count209
\c@uniquename=\count210
\c@refsection=\count211
\c@refsegment=\count212
\c@maxextratitle=\count213
\c@maxextratitleyear=\count214
\c@maxextrayear=\count215
\c@maxextraalpha=\count216
\c@abbrvpenalty=\count217
\c@highnamepenalty=\count218
\c@lownamepenalty=\count219
\c@maxparens=\count220
\c@parenlevel=\count221
\blx@tempcnta=\count222
\blx@tempcntb=\count223
\blx@tempcntc=\count224
\blx@maxsection=\count225
\blx@maxsegment@0=\count226
\blx@notetype=\count227
\blx@parenlevel@text=\count228
\blx@parenlevel@foot=\count229
\blx@sectionciteorder@0=\count230
\labelnumberwidth=\skip65
\labelalphawidth=\skip66
\biblabelsep=\skip67
\bibitemsep=\skip68
\bibnamesep=\skip69
\bibinitsep=\skip70
\bibparsep=\skip71
\bibhang=\skip72
\blx@bcfin=\read5
\blx@bcfout=\write6
\c@mincomprange=\count231
\c@maxcomprange=\count232
\c@mincompwidth=\count233
Package biblatex Info: Trying to load biblatex default data model...
Package biblatex Info: ... file 'blx-dm.def' found.

(/usr/local/texlive/2015basic/texmf-dist/tex/latex/biblatex/blx-dm.def)
Package biblatex Info: Trying to load biblatex custom data model...
Package biblatex Info: ... file 'biblatex-dm.cfg' not found.
\c@afterword=\count266
\c@savedafterword=\count267
\c@annotator=\count268
\c@savedannotator=\count269
\c@author=\count270
\c@savedauthor=\count271
\c@bookauthor=\count272
\c@savedbookauthor=\count273
\c@commentator=\count274
\c@savedcommentator=\count275
\c@editor=\count276
\c@savededitor=\count277
\c@editora=\count278
\c@savededitora=\count279
\c@editorb=\count280
\c@savededitorb=\count281
\c@editorc=\count282
\c@savededitorc=\count283
\c@foreword=\count284
\c@savedforeword=\count285
\c@holder=\count286
\c@savedholder=\count287
\c@introduction=\count288
\c@savedintroduction=\count289
\c@namea=\count290
\c@savednamea=\count291
\c@nameb=\count292
\c@savednameb=\count293
\c@namec=\count294
\c@savednamec=\count295
\c@translator=\count296
\c@savedtranslator=\count297
\c@shortauthor=\count298
\c@savedshortauthor=\count299
\c@shorteditor=\count300
\c@savedshorteditor=\count301
\c@labelname=\count302
\c@savedlabelname=\count303
\c@institution=\count304
\c@savedinstitution=\count305
\c@lista=\count306
\c@savedlista=\count307
\c@listb=\count308
\c@savedlistb=\count309
\c@listc=\count310
\c@savedlistc=\count311
\c@listd=\count312
\c@savedlistd=\count313
\c@liste=\count314
\c@savedliste=\count315
\c@listf=\count316
\c@savedlistf=\count317
\c@location=\count318
\c@savedlocation=\count319
\c@organization=\count320
\c@savedorganization=\count321
\c@origlocation=\count322
\c@savedoriglocation=\count323
\c@origpublisher=\count324
\c@savedorigpublisher=\count325
\c@publisher=\count326
\c@savedpublisher=\count327
\c@language=\count328
\c@savedlanguage=\count329
\c@pageref=\count330
\c@savedpageref=\count331
\shorthandwidth=\skip73
\shortjournalwidth=\skip74
\shortserieswidth=\skip75
\shorttitlewidth=\skip76
\shortauthorwidth=\skip77
\shorteditorwidth=\skip78
Package biblatex Info: Trying to load compatibility code...
Package biblatex Info: ... file 'blx-compat.def' found.

(/usr/local/texlive/2015basic/texmf-dist/tex/latex/biblatex/blx-compat.def
File: blx-compat.def 2015/12/22 v3.2 biblatex compatibility (PK/JW/AB)
)
Package biblatex Info: Trying to load generic definitions...
Package biblatex Info: ... file 'biblatex.def' found.

(/usr/local/texlive/2015basic/texmf-dist/tex/latex/biblatex/biblatex.def
File: biblatex.def 
\c@textcitecount=\count332
\c@textcitetotal=\count333
\c@textcitemaxnames=\count334
\c@biburlnumpenalty=\count335
\c@biburlucpenalty=\count336
\c@biburllcpenalty=\count337
\c@smartand=\count338
)
Package biblatex Info: Trying to load bibliography style 'numeric'...
Package biblatex Info: ... file 'numeric.bbx' found.

(/usr/local/texlive/2015basic/texmf-dist/tex/latex/biblatex/bbx/numeric.bbx
File: numeric.bbx 2015/12/22 v3.2 biblatex bibliography style (PK/JW/AB)
Package biblatex Info: Trying to load bibliography style 'standard'...
Package biblatex Info: ... file 'standard.bbx' found.

(/usr/local/texlive/2015basic/texmf-dist/tex/latex/biblatex/bbx/standard.bbx
File: standard.bbx 2015/12/22 v3.2 biblatex bibliography style (PK/JW/AB)
\c@bbx:relatedcount=\count339
\c@bbx:relatedtotal=\count340
))
Package biblatex Info: Trying to load citation style 'numeric'...
Package biblatex Info: ... file 'numeric.cbx' found.

(/usr/local/texlive/2015basic/texmf-dist/tex/latex/biblatex/cbx/numeric.cbx
File: numeric.cbx 2015/12/22 v3.2 biblatex citation style (PK/JW/AB)
Package biblatex Info: Redefining '\cite'.
Package biblatex Info: Redefining '\parencite'.
Package biblatex Info: Redefining '\footcite'.
Package biblatex Info: Redefining '\footcitetext'.
Package biblatex Info: Redefining '\smartcite'.
Package biblatex Info: Redefining '\supercite'.
Package biblatex Info: Redefining '\textcite'.
Package biblatex Info: Redefining '\textcites'.
Package biblatex Info: Redefining '\cites'.
Package biblatex Info: Redefining '\parencites'.
Package biblatex Info: Redefining '\smartcites'.
)
Package biblatex Info: Trying to load configuration file...
Package biblatex Info: ... file 'biblatex.cfg' found.

(/usr/local/texlive/2015basic/texmf-dist/tex/latex/biblatex/biblatex.cfg
File: biblatex.cfg 
)))
(/usr/local/texlive/2015basic/texmf-dist/tex/generic/pgfplots/libs/tikzlibraryp
gfplots.units.code.tex)
(/usr/local/texlive/2015basic/texmf-dist/tex/generic/epsf/epsf.tex
This is `epsf.tex' v2.7.4 <14 February 2011>
\epsffilein=\read6
\epsfframemargin=\dimen216
\epsfframethickness=\dimen217
\epsfrsize=\dimen218
\epsftmp=\dimen219
\epsftsize=\dimen220
\epsfxsize=\dimen221
\epsfysize=\dimen222
\pspoints=\dimen223
)
\glswrite=\write7
\glo@main@file=\write8
\openout8 = `diss.glo'.

Package glossaries Info: Writing glossary file diss.glo on input line 60.
Package biblatex Info: Trying to load language 'english'...
Package biblatex Info: ... file 'english.lbx' found.
 (/usr/local/texlive/2015basic/texmf-dist/tex/latex/biblatex/lbx/english.lbx
File: english.lbx 2015/12/22 v3.2 biblatex localization (PK/JW/AB)
)
\@quotelevel=\count341
\@quotereset=\count342

(./diss.aux)
\openout1 = `diss.aux'.

LaTeX Font Info:    Checking defaults for OML/cmm/m/it on input line 74.
LaTeX Font Info:    ... okay on input line 74.
LaTeX Font Info:    Checking defaults for T1/cmr/m/n on input line 74.
LaTeX Font Info:    ... okay on input line 74.
LaTeX Font Info:    Checking defaults for OT1/cmr/m/n on input line 74.
LaTeX Font Info:    ... okay on input line 74.
LaTeX Font Info:    Checking defaults for OMS/cmsy/m/n on input line 74.
LaTeX Font Info:    ... okay on input line 74.
LaTeX Font Info:    Checking defaults for OMX/cmex/m/n on input line 74.
LaTeX Font Info:    ... okay on input line 74.
LaTeX Font Info:    Checking defaults for U/cmr/m/n on input line 74.
LaTeX Font Info:    ... okay on input line 74.
LaTeX Font Info:    Checking defaults for PD1/pdf/m/n on input line 74.
LaTeX Font Info:    ... okay on input line 74.
\AtBeginShipoutBox=\box47
Package hyperref Info: Link coloring OFF on input line 74.

(/usr/local/texlive/2015basic/texmf-dist/tex/latex/hyperref/nameref.sty
Package: nameref 2012/10/27 v2.43 Cross-referencing by name of section

(/usr/local/texlive/2015basic/texmf-dist/tex/generic/oberdiek/gettitlestring.st
y
Package: gettitlestring 2010/12/03 v1.4 Cleanup title references (HO)
)
\c@section@level=\count343
)
LaTeX Info: Redefining \ref on input line 74.
LaTeX Info: Redefining \pageref on input line 74.
LaTeX Info: Redefining \nameref on input line 74.
 (./diss.out) (./diss.out)
\@outlinefile=\write9
\openout9 = `diss.out'.


(/usr/local/texlive/2015basic/texmf-dist/tex/context/base/supp-pdf.mkii
[Loading MPS to PDF converter (version 2006.09.02).]
\scratchcounter=\count344
\scratchdimen=\dimen224
\scratchbox=\box48
\nofMPsegments=\count345
\nofMParguments=\count346
\everyMPshowfont=\toks56
\MPscratchCnt=\count347
\MPscratchDim=\dimen225
\MPnumerator=\count348
\makeMPintoPDFobject=\count349
\everyMPtoPDFconversion=\toks57
)
Package caption Info: Begin \AtBeginDocument code.
Package caption Info: listings package is loaded.
Package caption Info: rotating package is loaded.
Package caption Info: End \AtBeginDocument code.
\c@lstlisting=\count350
 (./diss.glsdefs) ABD: EveryShipout initializing macros
Package pgfplots notification 'compat/show suggested version=true': document ha
s been generated with the most recent feature set (\pgfplotsset{compat=1.13}).

Package biblatex Info: Input encoding 'utf8' detected.
Package biblatex Info: Automatic encoding selection.
(biblatex)             Assuming data encoding 'utf8'.
\openout6 = `diss.bcf'.

Package biblatex Info: Trying to load bibliographic data...
Package biblatex Info: ... file 'diss.bbl' found.
(./diss.bbl)
Package biblatex Info: Reference section=0 on input line 74.
Package biblatex Info: Reference segment=0 on input line 74.
\@gls@deffile=\write10
\openout10 = `diss.glsdefs'.

 [1

\openout7 = `diss.ist'.

{/usr/local/texlive/2015basic/texmf-var/fonts/map/pdftex/updmap/pdftex.map}] [2

] [1

] [2] [3] [4

] (./diss.toc [5

])
\tf@toc=\write11
\openout11 = `diss.toc'.

 [6] (./diss.lof

LaTeX Warning: Reference `pattern_example_isel' on page vii undefined on input 
line 33.

[7

]
Underfull \hbox (badness 5077) in paragraph at lines 45--45
 [][] [][]\OT1/cmr/m/n/12 Code ex-am-ple from \OT1/cmtt/m/n/12 sglib-arraybinse
arch\OT1/cmr/m/n/12 (variable names 
 []

)
\tf@lof=\write12
\openout12 = `diss.lof'.

 [8] (./diss.lot)
\tf@lot=\write13
\openout13 = `diss.lot'.

 [9

] (./diss.lol)
\tf@lol=\write14
\openout14 = `diss.lol'.

 [10

] [11] [12

]
Chapter 1.

LaTeX Warning: Citation 'mcfarling1986reducing' on page 1 undefined on input li
ne 222.

pdfTeX warning (ext4): destination with the same identifier (name{page.1}) has 
been already used, duplicate ignored
<to be read again> 
                   \relax 
l.223 
       [1

]

LaTeX Warning: Citation 'chang1997improving' on page 2 undefined on input line 
224.


LaTeX Warning: Citation 'HenPat2012' on page 2 undefined on input line 231.

pdfTeX warning (ext4): destination with the same identifier (name{page.2}) has 
been already used, duplicate ignored
<to be read again> 
                   \relax 
l.236 
       [2]

LaTeX Warning: Reference `amdahlslaw' on page 3 undefined on input line 245.

[3] [4]
Chapter 2.

LaTeX Warning: Citation 'sites1993alpha' on page 5 undefined on input line 269.



LaTeX Warning: Citation 'MIPSIV' on page 5 undefined on input line 269.


Underfull \hbox (badness 8000) in paragraph at lines 269--270
\OT1/cmr/m/n/12 A con-di-tional move was in-tro-duced in the AL-PHA APX [][]ISA
[] in
 []

[5

]

LaTeX Warning: Citation 'RISCV_MAN' on page 6 undefined on input line 294.


LaTeX Warning: Reference `riscv_instruction_length' on page 6 undefined on inpu
t line 294.


LaTeX Warning: Reference `riscv_base_instruction_formats' on page 6 undefined o
n input line 305.

[6]

LaTeX Warning: Citation 'RISCV_MAN' on page 7 undefined on input line 329.

[7]
LaTeX Font Info:    Try loading font information for OMS+cmr on input line 347.

 (/usr/local/texlive/2015basic/texmf-dist/tex/latex/base/omscmr.fd
File: omscmr.fd 2014/09/29 v2.5h Standard LaTeX font definitions
)
LaTeX Font Info:    Font shape `OMS/cmr/m/n' in size <12> not available
(Font)              Font shape `OMS/cmsy/m/n' tried instead on input line 347.
 [8]

LaTeX Warning: Citation 'AppleXCode' on page 9 undefined on input line 374.


LaTeX Warning: Citation 'riscvWebsite' on page 9 undefined on input line 376.

[9]

LaTeX Warning: Reference `isel_graph_select_example' on page 10 undefined on in
put line 387.


LaTeX Warning: Reference `llvm_code_generator_structure' on page 10 undefined o
n input line 389.

[10]

LaTeX Warning: Citation 'riscvWebsite' on page 11 undefined on input line 403.


LaTeX Warning: Citation 'weicker1984dhrystone' on page 11 undefined on input li
ne 410.


LaTeX Warning: Citation 'Gustafsson:WCET2010:Benchmarks' on page 11 undefined o
n input line 413.

[11]

LaTeX Warning: Citation 'pallister2013beebs' on page 12 undefined on input line
 418.

[12] [13] [14]
Chapter 3.

LaTeX Warning: Citation 'RISCV_MAN' on page 15 undefined on input line 459.

[15


]

LaTeX Warning: Reference `riscv rtype instruction' on page 16 undefined on inpu
t line 463.


LaTeX Warning: Citation 'MIPSIV' on page 16 undefined on input line 463.


Overfull \hbox (7.96144pt too wide) in paragraph at lines 474--474
[]\OT1/cmtt/m/n/12 CMOVEZ rd, rs1, rs2      move the value from rs1 into rd if 
rs2 == 0[] 
 []


LaTeX Warning: Reference `riscvopcodes' on page 16 undefined on input line 478.


[16]
Package hyperref Info: bookmark level for unknown lstlisting defaults to 0 on i
nput line 497.

Overfull \hbox (32.21046pt too wide) in paragraph at lines 498--499
[][][][][][][][][][][][][][][][][][] 
 []


Overfull \hbox (102.71034pt too wide) in paragraph at lines 499--501
[][][][][][][][][][][][][][][][][][][][][][][][][][][][][][][] 
 []


Overfull \hbox (152.06026pt too wide) in paragraph at lines 513--514
[][][][][][][][][][][][][][][][][][][][][][][][][][] 
 []

[17]

LaTeX Warning: Citation 'perleberg1993branch' on page 18 undefined on input lin
e 530.

[18]

LaTeX Warning: Reference `sat_predictor' on page 19 undefined on input line 536
.


LaTeX Warning: Reference `local_history_predictor' on page 19 undefined on inpu
t line 554.


LaTeX Warning: Reference `history_access' on page 19 undefined on input line 55
7.

[19] (/usr/local/texlive/2015basic/texmf-dist/tex/latex/listings/lstlang1.sty
File: lstlang1.sty 2014/09/06 1.5e listings language file
)
(/usr/local/texlive/2015basic/texmf-dist/tex/latex/listings/lstlang1.sty
File: lstlang1.sty 2014/09/06 1.5e listings language file
)
(/usr/local/texlive/2015basic/texmf-dist/tex/latex/listings/lstmisc.sty
File: lstmisc.sty 2014/09/06 1.5e (Carsten Heinz)
)
LaTeX Font Info:    Try loading font information for OML+cmr on input line 577.


(/usr/local/texlive/2015basic/texmf-dist/tex/latex/base/omlcmr.fd
File: omlcmr.fd 2014/09/29 v2.5h Standard LaTeX font definitions
)
LaTeX Font Info:    Font shape `OML/cmr/m/n' in size <12> not available
(Font)              Font shape `OML/cmm/m/it' tried instead on input line 577.

Overfull \hbox (123.8603pt too wide) in paragraph at lines 577--578
[][][][][][][][][][][][][][][][][][][][][][] 
 []


Overfull \hbox (53.36043pt too wide) in paragraph at lines 578--579
[][][][][][][][][][][][][][][][][][][][][] 
 []

[20]
Overfull \hbox (18.11049pt too wide) in paragraph at lines 579--580
[][][][][][][][][][][][][][][][][][][][][][] 
 []


Overfull \hbox (109.76033pt too wide) in paragraph at lines 597--598
[][][][][][][][][][][][][][][][][][][][][][][][][][][][][][][][][][][][][] 
 []


Overfull \hbox (123.8603pt too wide) in paragraph at lines 598--599
[][][][][][][][][][][][][][][][][][][][][][][][][][][][][] 
 []


LaTeX Warning: Reference `pattern_example_isel' on page 21 undefined on input l
ine 611.


LaTeX Warning: Reference `pattern_example_isel' on page 21 undefined on input l
ine 611.


LaTeX Warning: Reference `pattern_example_isel' on page 21 undefined on input l
ine 615.


LaTeX Warning: Reference `pattern_example_sched' on page 21 undefined on input 
line 615.


Underfull \hbox (badness 10000) in paragraph at lines 619--620

 []

[21]
Overfull \hbox (53.36043pt too wide) in paragraph at lines 628--629
[][][][][][][][][][][][][][][][][][][][][][][][][][][][][][][][][] 
 []


Overfull \hbox (74.51039pt too wide) in paragraph at lines 629--630
[][][][][][][][][][][][][][][][][][][][][][][][][][][] 
 []


LaTeX Warning: Reference `pattern_example_isel' on page 22 undefined on input l
ine 637.


LaTeX Warning: Reference `pattern_example_sched' on page 22 undefined on input 
line 637.

[22]

LaTeX Warning: Reference `isel_lowering_concept' on page 23 undefined on input 
line 667.

[23]
Underfull \hbox (badness 10000) in paragraph at lines 679--680

 []


LaTeX Warning: Reference `riscvopcodes' on page 24 undefined on input line 688.



LaTeX Warning: Reference `riscv rtype instruction' on page 24 undefined on inpu
t line 688.

[24]

LaTeX Warning: Citation 'persim' on page 25 undefined on input line 707.

[25] [26] [27] [28]
Chapter 4.

LaTeX Warning: Reference `static_occurrences' on page 29 undefined on input lin
e 842.

[29


] [30]

LaTeX Warning: Reference `performance_changes_table' on page 31 undefined on in
put line 851.


LaTeX Warning: Citation 'HenPat2012' on page 31 undefined on input line 853.


LaTeX Warning: Reference `fraction_misses' on page 31 undefined on input line 8
59.

[31]

LaTeX Warning: Reference `ipc_improvement' on page 32 undefined on input line 9
37.


LaTeX Warning: Reference `speedup' on page 32 undefined on input line 937.


LaTeX Warning: Reference `performance_changes_table' on page 32 undefined on in
put line 939.


LaTeX Warning: Reference `arraybinsearch_example' on page 32 undefined on input
 line 939.


LaTeX Warning: Reference `ctl_stack_explanation' on page 32 undefined on input 
line 948.


LaTeX Warning: Reference `performance_changes_table' on page 32 undefined on in
put line 948.

[32]
Overfull \hbox (6.33914pt too wide) in paragraph at lines 981--981
 []|\OT1/cmr/m/n/12 Frequency|
 []


Overfull \hbox (5.69048pt too wide) in paragraph at lines 981--981
[]|[]| 
 []


Overfull \hbox (5.69048pt too wide) in paragraph at lines 981--981
[]|[]| 
 []


LaTeX Warning: Reference `performance_changes_table' on page 33 undefined on in
put line 986.


LaTeX Warning: Reference `speedup_freq' on page 33 undefined on input line 986.


[33]

LaTeX Warning: Reference `performance_btb512' on page 34 undefined on input lin
e 1022.

[34]

LaTeX Warning: Reference `performance-sat' on page 35 undefined on input line 1
165.


LaTeX Warning: Reference `ctl_stack_explanation' on page 35 undefined on input 
line 1167.


LaTeX Warning: Reference `performance_lhbp' on page 35 undefined on input line 
1240.

[35]

LaTeX Warning: Citation 'shapiro1965analysis' on page 36 undefined on input lin
e 1248.


LaTeX Warning: Citation 'welch1947generalization' on page 36 undefined on input
 line 1248.


LaTeX Warning: Reference `clock-frequencies' on page 36 undefined on input line
 1264.

[36]

LaTeX Warning: Reference `resources' on page 37 undefined on input line 1289.


LaTeX Warning: Citation 'mann1947test' on page 37 undefined on input line 1290.


[37] [38]
Chapter 5.
[39


] [40]

LaTeX Warning: Empty bibliography on input line 1347.

Appendix A.

Overfull \hbox (293.06001pt too wide) in paragraph at lines 1360--1361
[][][][][][][][][][][][][][][][][][][][][][][][][][][] 
 []


Overfull \hbox (222.56013pt too wide) in paragraph at lines 1361--1362
[][][][][][][][][][][][][][][][][][][][][][][][][][][][][][][][][][][] 
 []


Overfull \hbox (412.9098pt too wide) in paragraph at lines 1379--1380
[][][][][][][][][][][][][][][][][][][][][][][][][][][][][][][][][][][][][][][][
][][][][][] 
 []


Overfull \hbox (412.9098pt too wide) in paragraph at lines 1380--1381
[][][][][][][][][][][][][][][][][][][][][][][][][][][][][][][][][][][][][][][][
][][][][][] 
 []


Overfull \hbox (412.9098pt too wide) in paragraph at lines 1381--1382
[][][][][][][][][][][][][][][][][][][][][][][][][][][][][][][][][][][][][][][][
][][][][][] 
 []


Overfull \hbox (412.9098pt too wide) in paragraph at lines 1382--1384
[][][][][][][][][][][][][][][][][][][][][][][][][][][][][][][][][][][][][][][][
][][][][][] 
 []

[41



]
Overfull \hbox (412.9098pt too wide) in paragraph at lines 1384--1385
[][][][][][][][][][][][][][][][][][][][][][][][][][][][][][][][][][][][][][][][
][][][][][] 
 []


Overfull \hbox (412.9098pt too wide) in paragraph at lines 1385--1386
[][][][][][][][][][][][][][][][][][][][][][][][][][][][][][][][][][][][][][][][
][][][][][] 
 []


Overfull \hbox (412.9098pt too wide) in paragraph at lines 1386--1387
[][][][][][][][][][][][][][][][][][][][][][][][][][][][][][][][][][][][][][][][
][][][][][] 
 []


Overfull \hbox (412.9098pt too wide) in paragraph at lines 1387--1389
[][][][][][][][][][][][][][][][][][][][][][][][][][][][][][][][][][][][][][][][
][][][][][] 
 []


Overfull \hbox (39.26045pt too wide) in paragraph at lines 1390--1391
[][][][][][][][][][][][][][][][] 
 []


Overfull \hbox (18.11049pt too wide) in paragraph at lines 1391--1392
[][][][][][][][][][][][][] 
 []


Overfull \hbox (11.0605pt too wide) in paragraph at lines 1392--1393
[][][][][][][][][][][][][][][] 
 []


Overfull \hbox (441.10976pt too wide) in paragraph at lines 1394--1395
[][][][][][][][][][][][][][][][][][][][][][][][][][][][][][][][][][][][][][][][
][][][][][][][][][][][][][][][][][][] 
 []


Overfull \hbox (109.76033pt too wide) in paragraph at lines 1395--1396
[][][][][][][][][][][][][][][][][][][][][][][][][][][][][][][][][][][][][] 
 []


Overfull \hbox (116.81032pt too wide) in paragraph at lines 1396--1397
[][][][][][][][][][][][][][][][][][][][][][][][][][][][][] 
 []


Overfull \hbox (116.81032pt too wide) in paragraph at lines 1397--1398
[][][][][][][][][][][][][][][][][][][][][][][][][][][][][][][][][][][][][] 
 []


Overfull \hbox (123.8603pt too wide) in paragraph at lines 1398--1400
[][][][][][][][][][][][][][][][][][][][][][][][][][][][][] 
 []


Overfull \hbox (109.76033pt too wide) in paragraph at lines 1401--1402
[][][][][][][][][][][][][][][][][][][][][][][][][][][][][][][][][][][][][] 
 []


Overfull \hbox (116.81032pt too wide) in paragraph at lines 1402--1403
[][][][][][][][][][][][][][][][][][][][][][][][][][][][][] 
 []


Overfull \hbox (116.81032pt too wide) in paragraph at lines 1403--1404
[][][][][][][][][][][][][][][][][][][][][][][][][][][][][][][][][][][][][] 
 []


Overfull \hbox (123.8603pt too wide) in paragraph at lines 1404--1406
[][][][][][][][][][][][][][][][][][][][][][][][][][][][][] 
 []


Overfull \hbox (490.45967pt too wide) in paragraph at lines 1406--1407
[][][][][][][][][][][][][][][][][][][][][][][][][][][][][][][][][][][][][][][][
][][][][][][][][][][] 
 []


Overfull \hbox (81.56038pt too wide) in paragraph at lines 1408--1409
[][][][][][][][][][][][][][][][][][][][][][][][][][][][][][][][][][] 
 []


Overfull \hbox (130.9103pt too wide) in paragraph at lines 1409--1410
[][][][][][][][][][][][][][][][][][][][][][][][][][][] 
 []


Overfull \hbox (88.61037pt too wide) in paragraph at lines 1410--1411
[][][][][][][][][][][][][][][][][][][][][][][][][][][][][][][][][][] 
 []


Overfull \hbox (137.96028pt too wide) in paragraph at lines 1411--1412
[][][][][][][][][][][][][][][][][][][][][][][][][][][] 
 []


Overfull \hbox (81.56038pt too wide) in paragraph at lines 1413--1414
[][][][][][][][][][][][][][][][][][][][][][][][][][][][][][][][][][] 
 []


Overfull \hbox (130.9103pt too wide) in paragraph at lines 1414--1415
[][][][][][][][][][][][][][][][][][][][][][][][][][][] 
 []


Overfull \hbox (88.61037pt too wide) in paragraph at lines 1415--1416
[][][][][][][][][][][][][][][][][][][][][][][][][][][][][][][][][][] 
 []


Overfull \hbox (137.96028pt too wide) in paragraph at lines 1416--1417
[][][][][][][][][][][][][][][][][][][][][][][][][][][] 
 []


Overfull \hbox (39.26045pt too wide) in paragraph at lines 1418--1419
[][][][][][][][][][][][][][][][] 
 []


Overfull \hbox (18.11049pt too wide) in paragraph at lines 1419--1420
[][][][][][][][][][][][][] 
 []


Overfull \hbox (145.01027pt too wide) in paragraph at lines 1420--1421
[][][][][][][][][][][][][][][][][][][][] 
 []

[42]
Overfull \hbox (109.76033pt too wide) in paragraph at lines 1422--1423
[][][][][][][][][][][][][][][][][][][][][][][][][][][][][][][][][][][][][] 
 []


Overfull \hbox (229.61012pt too wide) in paragraph at lines 1423--1424
[][][][][][][][][][][][][][][][][][][][][][][][][][][][][] 
 []


Overfull \hbox (39.26045pt too wide) in paragraph at lines 1424--1425
[][][][][][][][][][][][][][][][][][][][][][][][][][][][][][][][][][] 
 []


Overfull \hbox (81.56038pt too wide) in paragraph at lines 1425--1426
[][][][][][][][][][][][][][][][][][][][][] 
 []


Overfull \hbox (81.56038pt too wide) in paragraph at lines 1427--1428
[][][][][][][][][][][][][][][][][][][][][][][][][][][][][][][][][][] 
 []


Overfull \hbox (243.7101pt too wide) in paragraph at lines 1428--1429
[][][][][][][][][][][][][][][][][][][][][][][][][][][] 
 []


Overfull \hbox (11.0605pt too wide) in paragraph at lines 1429--1430
[][][][][][][][][][][][][][][][][][][][][][][][][][][][][][][] 
 []


Overfull \hbox (95.66035pt too wide) in paragraph at lines 1430--1431
[][][][][][][][][][][][][][][][][][][] 
 []


Overfull \hbox (46.31044pt too wide) in paragraph at lines 1433--1434
[][][][][][][][][][][][][][][][] 
 []


Overfull \hbox (25.16048pt too wide) in paragraph at lines 1434--1435
[][][][][][][][][][][][][] 
 []


Overfull \hbox (11.0605pt too wide) in paragraph at lines 1435--1436
[][][][][][][][][][][][][][][] 
 []


Overfull \hbox (109.76033pt too wide) in paragraph at lines 1437--1438
[][][][][][][][][][][][][][][][][][][][][][][][][][][][][][][][][][][][][] 
 []


Overfull \hbox (123.8603pt too wide) in paragraph at lines 1438--1439
[][][][][][][][][][][][][][][][][][][][][][][][][][][][][] 
 []


Overfull \hbox (116.81032pt too wide) in paragraph at lines 1439--1440
[][][][][][][][][][][][][][][][][][][][][][][][][][][][][][][][][][][][][] 
 []


Overfull \hbox (130.9103pt too wide) in paragraph at lines 1440--1441
[][][][][][][][][][][][][][][][][][][][][][][][][][][][][] 
 []


Overfull \hbox (109.76033pt too wide) in paragraph at lines 1442--1443
[][][][][][][][][][][][][][][][][][][][][][][][][][][][][][][][][][][][][] 
 []


Overfull \hbox (123.8603pt too wide) in paragraph at lines 1443--1444
[][][][][][][][][][][][][][][][][][][][][][][][][][][][][] 
 []


Overfull \hbox (116.81032pt too wide) in paragraph at lines 1444--1445
[][][][][][][][][][][][][][][][][][][][][][][][][][][][][][][][][][][][][] 
 []


Overfull \hbox (130.9103pt too wide) in paragraph at lines 1445--1447
[][][][][][][][][][][][][][][][][][][][][][][][][][][][][] 
 []


Overfull \hbox (490.45967pt too wide) in paragraph at lines 1447--1448
[][][][][][][][][][][][][][][][][][][][][][][][][][][][][][][][][][][][][][][][
][][][][][][][][][][] 
 []


Overfull \hbox (81.56038pt too wide) in paragraph at lines 1449--1450
[][][][][][][][][][][][][][][][][][][][][][][][][][][][][][][][][][] 
 []


Overfull \hbox (137.96028pt too wide) in paragraph at lines 1450--1451
[][][][][][][][][][][][][][][][][][][][][][][][][][][] 
 []


Overfull \hbox (88.61037pt too wide) in paragraph at lines 1451--1452
[][][][][][][][][][][][][][][][][][][][][][][][][][][][][][][][][][] 
 []


Overfull \hbox (145.01027pt too wide) in paragraph at lines 1452--1453
[][][][][][][][][][][][][][][][][][][][][][][][][][][] 
 []


Overfull \hbox (81.56038pt too wide) in paragraph at lines 1454--1455
[][][][][][][][][][][][][][][][][][][][][][][][][][][][][][][][][][] 
 []


Overfull \hbox (137.96028pt too wide) in paragraph at lines 1455--1456
[][][][][][][][][][][][][][][][][][][][][][][][][][][] 
 []


Overfull \hbox (88.61037pt too wide) in paragraph at lines 1456--1457
[][][][][][][][][][][][][][][][][][][][][][][][][][][][][][][][][][] 
 []


Overfull \hbox (145.01027pt too wide) in paragraph at lines 1457--1458
[][][][][][][][][][][][][][][][][][][][][][][][][][][] 
 []


Overfull \hbox (46.31044pt too wide) in paragraph at lines 1460--1461
[][][][][][][][][][][][][][][][] 
 []

[43]
Overfull \hbox (25.16048pt too wide) in paragraph at lines 1461--1462
[][][][][][][][][][][][][] 
 []


Overfull \hbox (145.01027pt too wide) in paragraph at lines 1462--1463
[][][][][][][][][][][][][][][][][][][][] 
 []


Overfull \hbox (81.56038pt too wide) in paragraph at lines 1464--1465
[][][][][][][][][][][][][][][][][][][][][][][][][][][][][][][][][][] 
 []


Overfull \hbox (250.76009pt too wide) in paragraph at lines 1465--1466
[][][][][][][][][][][][][][][][][][][][][][][][][][][] 
 []


Overfull \hbox (18.11049pt too wide) in paragraph at lines 1466--1467
[][][][][][][][][][][][][][][][][][][][][][][][][][][][][][][] 
 []


Overfull \hbox (109.76033pt too wide) in paragraph at lines 1467--1468
[][][][][][][][][][][][][][][][][][][] 
 []


Overfull \hbox (137.96028pt too wide) in paragraph at lines 1469--1470
[][][][][][][][][][][][][][][][][][][][][][][][][][][][][][][][][][][][][] 
 []


Overfull \hbox (264.86006pt too wide) in paragraph at lines 1470--1471
[][][][][][][][][][][][][][][][][][][][][][][][][][][][][] 
 []


Overfull \hbox (74.51039pt too wide) in paragraph at lines 1471--1472
[][][][][][][][][][][][][][][][][][][][][][][][][][][][][][][][][][] 
 []


Overfull \hbox (123.8603pt too wide) in paragraph at lines 1472--1473
[][][][][][][][][][][][][][][][][][][][][] 
 []


Overfull \hbox (4.01051pt too wide) in paragraph at lines 1477--1478
[][][][][][][][][][][][][][][][][][][][][][][][] 
 []


Overfull \hbox (18.11049pt too wide) in paragraph at lines 1478--1479
[][][][][][][][][][][][][][][][][][][][][][][][][][] 
 []


Overfull \hbox (53.36043pt too wide) in paragraph at lines 1479--1480
[][][][][][][][][][][][][][][][][][][][][][][][][][][][][] 
 []


Overfull \hbox (25.16048pt too wide) in paragraph at lines 1480--1481
[][][][][][][][][][][][][][][][][][][][][][][][][][] 
 []


Overfull \hbox (60.41042pt too wide) in paragraph at lines 1481--1482
[][][][][][][][][][][][][][][][][][][][][][][][][][][][][] 
 []


Overfull \hbox (11.0605pt too wide) in paragraph at lines 1482--1483
[][][][][][][][][][][][][][][][][][][][][][][][] 
 []


Overfull \hbox (46.31044pt too wide) in paragraph at lines 1483--1484
[][][][][][][][][][][][][][][][][][][][][][][][][][] 
 []


Overfull \hbox (95.66035pt too wide) in paragraph at lines 1485--1486
[][][][][][][][][][][][][][][][][][][][][][][][][][][][][] 
 []


Overfull \hbox (53.36043pt too wide) in paragraph at lines 1487--1488
[][][][][][][][][][][][][][][][][][][][][][][][][][] 
 []


Overfull \hbox (102.71034pt too wide) in paragraph at lines 1489--1490
[][][][][][][][][][][][][][][][][][][][][][][][][][][][][] 
 []


Overfull \hbox (11.0605pt too wide) in paragraph at lines 1491--1492
[][][][][][][][][][][][][][][][][][][][][][][][] 
 []


Overfull \hbox (39.26045pt too wide) in paragraph at lines 1492--1493
[][][][][][][][][][][][][][][][][][][][][][][][][][] 
 []


Overfull \hbox (74.51039pt too wide) in paragraph at lines 1494--1495
[][][][][][][][][][][][][][][][][][][][][][][][][][][][][] 
 []


Overfull \hbox (46.31044pt too wide) in paragraph at lines 1496--1497
[][][][][][][][][][][][][][][][][][][][][][][][][][] 
 []


Overfull \hbox (81.56038pt too wide) in paragraph at lines 1498--1499
[][][][][][][][][][][][][][][][][][][][][][][][][][][][][] 
 []

[44]
Overfull \hbox (11.0605pt too wide) in paragraph at lines 1500--1501
[][][][][][][][][][][][][][][][][][][][][][][][] 
 []


Overfull \hbox (67.4604pt too wide) in paragraph at lines 1501--1502
[][][][][][][][][][][][][][][][][][][][][][][][][][] 
 []


Overfull \hbox (116.81032pt too wide) in paragraph at lines 1503--1504
[][][][][][][][][][][][][][][][][][][][][][][][][][][][][] 
 []


Overfull \hbox (74.51039pt too wide) in paragraph at lines 1505--1506
[][][][][][][][][][][][][][][][][][][][][][][][][][] 
 []


Overfull \hbox (123.8603pt too wide) in paragraph at lines 1507--1508
[][][][][][][][][][][][][][][][][][][][][][][][][][][][][] 
 []

[45]
Appendix B.

LaTeX Warning: Reference `selecttests_c' on page 46 undefined on input line 151
6.


LaTeX Warning: Reference `selecttests_s' on page 46 undefined on input line 151
6.

[46

] [47] [48]
Appendix C.

LaTeX Warning: Citation 'Gustafsson:WCET2010:Benchmarks' on page 49 undefined o
n input line 1651.


Underfull \hbox (badness 2134) in paragraph at lines 1651--1652
\OT1/cmr/m/n/12 The fol-low-ing ta-ble con-tains short de-scrip-tions for each 
WCET bench-
 []


Underfull \hbox (badness 1152) in paragraph at lines 1651--1652
\OT1/cmr/m/n/12 marks, which were taken `from WCET Bench-marks - past, present 
and
 []


Underfull \hbox (badness 1024) in paragraph at lines 1690--1691
[]|\OT1/cmr/m/n/12 Read ten val-ues, out-put half to LCD. Loop with
 []

[49


] [50] [51] [52]
Appendix D.
[53


] [54] [55] [56] [57] [58

]
Appendix E.

! LaTeX Error: File `propbody.tex' not found.

Type X to quit or <RETURN> to proceed,
or enter new name. (Default extension: tex)

Enter file name: 
[59

] [60

]
No file diss.gls.
[61]
Package atveryend Info: Empty hook `BeforeClearDocument' on input line 1873.
Package atveryend Info: Empty hook `AfterLastShipout' on input line 1873.
 (./diss.aux)
Package atveryend Info: Executing hook `AtVeryEndDocument' on input line 1873.
Package atveryend Info: Executing hook `AtEndAfterFileList' on input line 1873.

Package rerunfilecheck Info: File `diss.out' has not changed.
(rerunfilecheck)             Checksum: 780449ADCD06A5C5CFEB332E3D327363;2594.


LaTeX Warning: There were undefined references.


Package biblatex Warning: Please (re)run Biber on the file:
(biblatex)                diss
(biblatex)                and rerun LaTeX afterwards.

Package logreq Info: Writing requests to 'diss.run.xml'.
\openout1 = `diss.run.xml'.

Package atveryend Info: Empty hook `AtVeryVeryEnd' on input line 1873.
 ) 
Here is how much of TeX's memory you used:
 38926 strings out of 494501
 849840 string characters out of 6167030
 1444895 words of memory out of 5000000
 41102 multiletter control sequences out of 15000+600000
 12717 words of font info for 46 fonts, out of 8000000 for 9000
 319 hyphenation exceptions out of 8191
 55i,14n,99p,1935b,1988s stack positions out of 5000i,500n,10000p,200000b,80000s
pdfTeX warning (dest): name{glo:alut} has been referenced but does not exist,
 replaced by a fixed one

pdfTeX warning (dest): name{glo:alm} has been referenced but does not exist, re
placed by a fixed one

pdfTeX warning (dest): name{glo:fpga} has been referenced but does not exist, r
eplaced by a fixed one

pdfTeX warning (dest): name{glo:lhbp} has been referenced but does not exist, r
eplaced by a fixed one

pdfTeX warning (dest): name{glo:sat} has been referenced but does not exist, re
placed by a fixed one

pdfTeX warning (dest): name{glo:bp1} has been referenced but does not exist, re
placed by a fixed one

pdfTeX warning (dest): name{glo:bp0} has been referenced but does not exist, re
placed by a fixed one

pdfTeX warning (dest): name{glo:btb} has been referenced but does not exist, re
placed by a fixed one

pdfTeX warning (dest): name{glo:alu} has been referenced but does not exist, re
placed by a fixed one

pdfTeX warning (dest): name{glo:pc} has been referenced but does not exist, rep
laced by a fixed one

pdfTeX warning (dest): name{glo:ipc} has been referenced but does not exist, re
placed by a fixed one

pdfTeX warning (dest): name{glo:ISA} has been referenced but does not exist, re
placed by a fixed one

pdfTeX warning (dest): name{glo:risc} has been referenced but does not exist, r
eplaced by a fixed one

</usr/local/texlive/2015basic/texmf-dist/fonts/type1/public/amsfonts/cm/cmbx10.
pfb></usr/local/texlive/2015basic/texmf-dist/fonts/type1/public/amsfonts/cm/cmb
x12.pfb></usr/local/texlive/2015basic/texmf-dist/fonts/type1/public/amsfonts/cm
/cmmi12.pfb></usr/local/texlive/2015basic/texmf-dist/fonts/type1/public/amsfont
s/cm/cmmi6.pfb></usr/local/texlive/2015basic/texmf-dist/fonts/type1/public/amsf
onts/cm/cmmi8.pfb></usr/local/texlive/2015basic/texmf-dist/fonts/type1/public/a
msfonts/cm/cmr10.pfb></usr/local/texlive/2015basic/texmf-dist/fonts/type1/publi
c/amsfonts/cm/cmr12.pfb></usr/local/texlive/2015basic/texmf-dist/fonts/type1/pu
blic/amsfonts/cm/cmr17.pfb></usr/local/texlive/2015basic/texmf-dist/fonts/type1
/public/amsfonts/cm/cmr7.pfb></usr/local/texlive/2015basic/texmf-dist/fonts/typ
e1/public/amsfonts/cm/cmr8.pfb></usr/local/texlive/2015basic/texmf-dist/fonts/t
ype1/public/amsfonts/cm/cmsl12.pfb></usr/local/texlive/2015basic/texmf-dist/fon
ts/type1/public/amsfonts/cm/cmsy10.pfb></usr/local/texlive/2015basic/texmf-dist
/fonts/type1/public/amsfonts/cm/cmti12.pfb></usr/local/texlive/2015basic/texmf-
dist/fonts/type1/public/amsfonts/cm/cmtt10.pfb></usr/local/texlive/2015basic/te
xmf-dist/fonts/type1/public/amsfonts/cm/cmtt12.pfb>
Output written on diss.pdf (75 pages, 346811 bytes).
PDF statistics:
 1216 PDF objects out of 1440 (max. 8388607)
 1112 compressed objects within 12 object streams
 458 named destinations out of 1000 (max. 500000)
 325 words of extra memory for PDF output out of 10000 (max. 10000000)

