This is pdfTeX, Version 3.14159265-2.6-1.40.16 (TeX Live 2015) (preloaded format=pdflatex 2015.10.5)  4 FEB 2016 08:42
entering extended mode
 \write18 enabled.
 %&-line parsing enabled.
**Presentation.tex
(./Presentation.tex
LaTeX2e <2015/01/01>
Babel <3.9l> and hyphenation patterns for 21 languages loaded.
(/usr/local/texlive/2015basic/texmf-dist/tex/latex/beamer/beamer.cls (/usr/loca
l/texlive/2015basic/texmf-dist/tex/latex/beamer/beamerbasercs.sty
Package: beamerbasercs 2015/03/08 (rcs-revision 368aa9ba9d38)
)
Document Class: beamer 2015/01/05 3.36 A class for typesetting presentations (r
cs-revision 8a39122e1f63)
(/usr/local/texlive/2015basic/texmf-dist/tex/latex/beamer/beamerbasemodes.sty
Package: beamerbasemodes 2013/09/03 (rcs-revision 768f2d98ca64)
\beamer@tempbox=\box26
\beamer@tempcount=\count79
\c@beamerpauses=\count80
(/usr/local/texlive/2015basic/texmf-dist/tex/latex/beamer/beamerbasedecode.sty
Package: beamerbasedecode 2010/05/01 (rcs-revision efa082c6111d)
\beamer@slideinframe=\count81
\beamer@minimum=\count82
)
\beamer@commentbox=\box27
\beamer@modecount=\count83
) (/usr/local/texlive/2015basic/texmf-dist/tex/generic/oberdiek/ifpdf.sty
Package: ifpdf 2011/01/30 v2.3 Provides the ifpdf switch (HO)
Package ifpdf Info: pdfTeX in PDF mode is detected.
)
\headheight=\dimen102
\headdp=\dimen103
\footheight=\dimen104
\sidebarheight=\dimen105
\beamer@tempdim=\dimen106
\beamer@finalheight=\dimen107
\beamer@animht=\dimen108
\beamer@animdp=\dimen109
\beamer@animwd=\dimen110
\beamer@leftmargin=\dimen111
\beamer@rightmargin=\dimen112
\beamer@leftsidebar=\dimen113
\beamer@rightsidebar=\dimen114
\beamer@boxsize=\dimen115
\beamer@vboxoffset=\dimen116
\beamer@descdefault=\dimen117
\beamer@descriptionwidth=\dimen118
\beamer@lastskip=\skip41
\beamer@areabox=\box28
\beamer@animcurrent=\box29
\beamer@animshowbox=\box30
\beamer@sectionbox=\box31
\beamer@logobox=\box32
\beamer@linebox=\box33
\beamer@sectioncount=\count84
\beamer@subsubsectionmax=\count85
\beamer@subsectionmax=\count86
\beamer@sectionmax=\count87
\beamer@totalheads=\count88
\beamer@headcounter=\count89
\beamer@partstartpage=\count90
\beamer@sectionstartpage=\count91
\beamer@subsectionstartpage=\count92
\beamer@animationtempa=\count93
\beamer@animationtempb=\count94
\beamer@xpos=\count95
\beamer@ypos=\count96
\beamer@showpartnumber=\count97
\beamer@currentsubsection=\count98
\beamer@coveringdepth=\count99
\beamer@sectionadjust=\count100
\beamer@tocsectionnumber=\count101

(/usr/local/texlive/2015basic/texmf-dist/tex/latex/beamer/beamerbaseoptions.sty
Package: beamerbaseoptions 2013/03/10 (rcs-revision 47431932db0d)
(/usr/local/texlive/2015basic/texmf-dist/tex/latex/graphics/keyval.sty
Package: keyval 2014/10/28 v1.15 key=value parser (DPC)
\KV@toks@=\toks14
))
\beamer@paperwidth=\skip42
\beamer@paperheight=\skip43
(/usr/local/texlive/2015basic/texmf-dist/tex/latex/geometry/geometry.sty
Package: geometry 2010/09/12 v5.6 Page Geometry
(/usr/local/texlive/2015basic/texmf-dist/tex/generic/oberdiek/ifvtex.sty
Package: ifvtex 2010/03/01 v1.5 Detect VTeX and its facilities (HO)
Package ifvtex Info: VTeX not detected.
) (/usr/local/texlive/2015basic/texmf-dist/tex/generic/ifxetex/ifxetex.sty
Package: ifxetex 2010/09/12 v0.6 Provides ifxetex conditional
)
\Gm@cnth=\count102
\Gm@cntv=\count103
\c@Gm@tempcnt=\count104
\Gm@bindingoffset=\dimen119
\Gm@wd@mp=\dimen120
\Gm@odd@mp=\dimen121
\Gm@even@mp=\dimen122
\Gm@layoutwidth=\dimen123
\Gm@layoutheight=\dimen124
\Gm@layouthoffset=\dimen125
\Gm@layoutvoffset=\dimen126
\Gm@dimlist=\toks15
) (/usr/local/texlive/2015basic/texmf-dist/tex/latex/base/size11.clo
File: size11.clo 2014/09/29 v1.4h Standard LaTeX file (size option)
) (/usr/local/texlive/2015basic/texmf-dist/tex/latex/pgf/basiclayer/pgfcore.sty
(/usr/local/texlive/2015basic/texmf-dist/tex/latex/graphics/graphicx.sty
Package: graphicx 2014/10/28 v1.0g Enhanced LaTeX Graphics (DPC,SPQR)
(/usr/local/texlive/2015basic/texmf-dist/tex/latex/graphics/graphics.sty
Package: graphics 2014/10/28 v1.0p Standard LaTeX Graphics (DPC,SPQR)
(/usr/local/texlive/2015basic/texmf-dist/tex/latex/graphics/trig.sty
Package: trig 1999/03/16 v1.09 sin cos tan (DPC)
) (/usr/local/texlive/2015basic/texmf-dist/tex/latex/latexconfig/graphics.cfg
File: graphics.cfg 2010/04/23 v1.9 graphics configuration of TeX Live
)
Package graphics Info: Driver file: pdftex.def on input line 94.
(/usr/local/texlive/2015basic/texmf-dist/tex/latex/pdftex-def/pdftex.def
File: pdftex.def 2011/05/27 v0.06d Graphics/color for pdfTeX
(/usr/local/texlive/2015basic/texmf-dist/tex/generic/oberdiek/infwarerr.sty
Package: infwarerr 2010/04/08 v1.3 Providing info/warning/error messages (HO)
) (/usr/local/texlive/2015basic/texmf-dist/tex/generic/oberdiek/ltxcmds.sty
Package: ltxcmds 2011/11/09 v1.22 LaTeX kernel commands for general use (HO)
)
\Gread@gobject=\count105
))
\Gin@req@height=\dimen127
\Gin@req@width=\dimen128
) (/usr/local/texlive/2015basic/texmf-dist/tex/latex/pgf/systemlayer/pgfsys.sty
(/usr/local/texlive/2015basic/texmf-dist/tex/latex/pgf/utilities/pgfrcs.sty
(/usr/local/texlive/2015basic/texmf-dist/tex/generic/pgf/utilities/pgfutil-comm
on.tex
\pgfutil@everybye=\toks16
\pgfutil@tempdima=\dimen129
\pgfutil@tempdimb=\dimen130

(/usr/local/texlive/2015basic/texmf-dist/tex/generic/pgf/utilities/pgfutil-comm
on-lists.tex))
(/usr/local/texlive/2015basic/texmf-dist/tex/generic/pgf/utilities/pgfutil-late
x.def
\pgfutil@abb=\box34
(/usr/local/texlive/2015basic/texmf-dist/tex/latex/ms/everyshi.sty
Package: everyshi 2001/05/15 v3.00 EveryShipout Package (MS)
))
(/usr/local/texlive/2015basic/texmf-dist/tex/generic/pgf/utilities/pgfrcs.code.
tex
Package: pgfrcs 2013/12/20 v3.0.0 (rcs-revision 1.28)
))
(/usr/local/texlive/2015basic/texmf-dist/tex/generic/pgf/systemlayer/pgfsys.cod
e.tex
Package: pgfsys 2013/11/30 v3.0.0 (rcs-revision 1.47)

(/usr/local/texlive/2015basic/texmf-dist/tex/generic/pgf/utilities/pgfkeys.code
.tex
\pgfkeys@pathtoks=\toks17
\pgfkeys@temptoks=\toks18

(/usr/local/texlive/2015basic/texmf-dist/tex/generic/pgf/utilities/pgfkeysfilte
red.code.tex
\pgfkeys@tmptoks=\toks19
))
\pgf@x=\dimen131
\pgf@y=\dimen132
\pgf@xa=\dimen133
\pgf@ya=\dimen134
\pgf@xb=\dimen135
\pgf@yb=\dimen136
\pgf@xc=\dimen137
\pgf@yc=\dimen138
\w@pgf@writea=\write3
\r@pgf@reada=\read1
\c@pgf@counta=\count106
\c@pgf@countb=\count107
\c@pgf@countc=\count108
\c@pgf@countd=\count109
\t@pgf@toka=\toks20
\t@pgf@tokb=\toks21
\t@pgf@tokc=\toks22
(/usr/local/texlive/2015basic/texmf-dist/tex/generic/pgf/systemlayer/pgf.cfg
File: pgf.cfg 2008/05/14  (rcs-revision 1.7)
)
Driver file for pgf: pgfsys-pdftex.def

(/usr/local/texlive/2015basic/texmf-dist/tex/generic/pgf/systemlayer/pgfsys-pdf
tex.def
File: pgfsys-pdftex.def 2013/07/18  (rcs-revision 1.33)

(/usr/local/texlive/2015basic/texmf-dist/tex/generic/pgf/systemlayer/pgfsys-com
mon-pdf.def
File: pgfsys-common-pdf.def 2013/10/10  (rcs-revision 1.13)
)))
(/usr/local/texlive/2015basic/texmf-dist/tex/generic/pgf/systemlayer/pgfsyssoft
path.code.tex
File: pgfsyssoftpath.code.tex 2013/09/09  (rcs-revision 1.9)
\pgfsyssoftpath@smallbuffer@items=\count110
\pgfsyssoftpath@bigbuffer@items=\count111
)
(/usr/local/texlive/2015basic/texmf-dist/tex/generic/pgf/systemlayer/pgfsysprot
ocol.code.tex
File: pgfsysprotocol.code.tex 2006/10/16  (rcs-revision 1.4)
)) (/usr/local/texlive/2015basic/texmf-dist/tex/latex/xcolor/xcolor.sty
Package: xcolor 2007/01/21 v2.11 LaTeX color extensions (UK)
(/usr/local/texlive/2015basic/texmf-dist/tex/latex/latexconfig/color.cfg
File: color.cfg 2007/01/18 v1.5 color configuration of teTeX/TeXLive
)
Package xcolor Info: Driver file: pdftex.def on input line 225.
Package xcolor Info: Model `cmy' substituted by `cmy0' on input line 1337.
Package xcolor Info: Model `hsb' substituted by `rgb' on input line 1341.
Package xcolor Info: Model `RGB' extended on input line 1353.
Package xcolor Info: Model `HTML' substituted by `rgb' on input line 1355.
Package xcolor Info: Model `Hsb' substituted by `hsb' on input line 1356.
Package xcolor Info: Model `tHsb' substituted by `hsb' on input line 1357.
Package xcolor Info: Model `HSB' substituted by `hsb' on input line 1358.
Package xcolor Info: Model `Gray' substituted by `gray' on input line 1359.
Package xcolor Info: Model `wave' substituted by `hsb' on input line 1360.
)
(/usr/local/texlive/2015basic/texmf-dist/tex/generic/pgf/basiclayer/pgfcore.cod
e.tex
Package: pgfcore 2010/04/11 v3.0.0 (rcs-revision 1.7)
(/usr/local/texlive/2015basic/texmf-dist/tex/generic/pgf/math/pgfmath.code.tex
(/usr/local/texlive/2015basic/texmf-dist/tex/generic/pgf/math/pgfmathcalc.code.
tex
(/usr/local/texlive/2015basic/texmf-dist/tex/generic/pgf/math/pgfmathutil.code.
tex)
(/usr/local/texlive/2015basic/texmf-dist/tex/generic/pgf/math/pgfmathparser.cod
e.tex
\pgfmath@dimen=\dimen139
\pgfmath@count=\count112
\pgfmath@box=\box35
\pgfmath@toks=\toks23
\pgfmath@stack@operand=\toks24
\pgfmath@stack@operation=\toks25
)
(/usr/local/texlive/2015basic/texmf-dist/tex/generic/pgf/math/pgfmathfunctions.
code.tex
(/usr/local/texlive/2015basic/texmf-dist/tex/generic/pgf/math/pgfmathfunctions.
basic.code.tex)
(/usr/local/texlive/2015basic/texmf-dist/tex/generic/pgf/math/pgfmathfunctions.
trigonometric.code.tex)
(/usr/local/texlive/2015basic/texmf-dist/tex/generic/pgf/math/pgfmathfunctions.
random.code.tex)
(/usr/local/texlive/2015basic/texmf-dist/tex/generic/pgf/math/pgfmathfunctions.
comparison.code.tex)
(/usr/local/texlive/2015basic/texmf-dist/tex/generic/pgf/math/pgfmathfunctions.
base.code.tex)
(/usr/local/texlive/2015basic/texmf-dist/tex/generic/pgf/math/pgfmathfunctions.
round.code.tex)
(/usr/local/texlive/2015basic/texmf-dist/tex/generic/pgf/math/pgfmathfunctions.
misc.code.tex)
(/usr/local/texlive/2015basic/texmf-dist/tex/generic/pgf/math/pgfmathfunctions.
integerarithmetics.code.tex)))
(/usr/local/texlive/2015basic/texmf-dist/tex/generic/pgf/math/pgfmathfloat.code
.tex
\c@pgfmathroundto@lastzeros=\count113
))
(/usr/local/texlive/2015basic/texmf-dist/tex/generic/pgf/basiclayer/pgfcorepoin
ts.code.tex
File: pgfcorepoints.code.tex 2013/10/07  (rcs-revision 1.27)
\pgf@picminx=\dimen140
\pgf@picmaxx=\dimen141
\pgf@picminy=\dimen142
\pgf@picmaxy=\dimen143
\pgf@pathminx=\dimen144
\pgf@pathmaxx=\dimen145
\pgf@pathminy=\dimen146
\pgf@pathmaxy=\dimen147
\pgf@xx=\dimen148
\pgf@xy=\dimen149
\pgf@yx=\dimen150
\pgf@yy=\dimen151
\pgf@zx=\dimen152
\pgf@zy=\dimen153
)
(/usr/local/texlive/2015basic/texmf-dist/tex/generic/pgf/basiclayer/pgfcorepath
construct.code.tex
File: pgfcorepathconstruct.code.tex 2013/10/07  (rcs-revision 1.29)
\pgf@path@lastx=\dimen154
\pgf@path@lasty=\dimen155
)
(/usr/local/texlive/2015basic/texmf-dist/tex/generic/pgf/basiclayer/pgfcorepath
usage.code.tex
File: pgfcorepathusage.code.tex 2013/12/13  (rcs-revision 1.23)
\pgf@shorten@end@additional=\dimen156
\pgf@shorten@start@additional=\dimen157
)
(/usr/local/texlive/2015basic/texmf-dist/tex/generic/pgf/basiclayer/pgfcorescop
es.code.tex
File: pgfcorescopes.code.tex 2013/10/09  (rcs-revision 1.44)
\pgfpic=\box36
\pgf@hbox=\box37
\pgf@layerbox@main=\box38
\pgf@picture@serial@count=\count114
)
(/usr/local/texlive/2015basic/texmf-dist/tex/generic/pgf/basiclayer/pgfcoregrap
hicstate.code.tex
File: pgfcoregraphicstate.code.tex 2013/09/19  (rcs-revision 1.11)
\pgflinewidth=\dimen158
)
(/usr/local/texlive/2015basic/texmf-dist/tex/generic/pgf/basiclayer/pgfcoretran
sformations.code.tex
File: pgfcoretransformations.code.tex 2013/10/10  (rcs-revision 1.17)
\pgf@pt@x=\dimen159
\pgf@pt@y=\dimen160
\pgf@pt@temp=\dimen161
)
(/usr/local/texlive/2015basic/texmf-dist/tex/generic/pgf/basiclayer/pgfcorequic
k.code.tex
File: pgfcorequick.code.tex 2008/10/09  (rcs-revision 1.3)
)
(/usr/local/texlive/2015basic/texmf-dist/tex/generic/pgf/basiclayer/pgfcoreobje
cts.code.tex
File: pgfcoreobjects.code.tex 2006/10/11  (rcs-revision 1.2)
)
(/usr/local/texlive/2015basic/texmf-dist/tex/generic/pgf/basiclayer/pgfcorepath
processing.code.tex
File: pgfcorepathprocessing.code.tex 2013/09/09  (rcs-revision 1.9)
)
(/usr/local/texlive/2015basic/texmf-dist/tex/generic/pgf/basiclayer/pgfcorearro
ws.code.tex
File: pgfcorearrows.code.tex 2013/11/07  (rcs-revision 1.40)
\pgfarrowsep=\dimen162
)
(/usr/local/texlive/2015basic/texmf-dist/tex/generic/pgf/basiclayer/pgfcoreshad
e.code.tex
File: pgfcoreshade.code.tex 2013/07/15  (rcs-revision 1.15)
\pgf@max=\dimen163
\pgf@sys@shading@range@num=\count115
)
(/usr/local/texlive/2015basic/texmf-dist/tex/generic/pgf/basiclayer/pgfcoreimag
e.code.tex
File: pgfcoreimage.code.tex 2013/07/15  (rcs-revision 1.18)

(/usr/local/texlive/2015basic/texmf-dist/tex/generic/pgf/basiclayer/pgfcoreexte
rnal.code.tex
File: pgfcoreexternal.code.tex 2013/07/15  (rcs-revision 1.20)
\pgfexternal@startupbox=\box39
))
(/usr/local/texlive/2015basic/texmf-dist/tex/generic/pgf/basiclayer/pgfcorelaye
rs.code.tex
File: pgfcorelayers.code.tex 2013/07/18  (rcs-revision 1.7)
)
(/usr/local/texlive/2015basic/texmf-dist/tex/generic/pgf/basiclayer/pgfcoretran
sparency.code.tex
File: pgfcoretransparency.code.tex 2013/09/30  (rcs-revision 1.5)
)
(/usr/local/texlive/2015basic/texmf-dist/tex/generic/pgf/basiclayer/pgfcorepatt
erns.code.tex
File: pgfcorepatterns.code.tex 2013/11/07  (rcs-revision 1.5)
))) (/usr/local/texlive/2015basic/texmf-dist/tex/latex/pgf/utilities/xxcolor.st
y
Package: xxcolor 2003/10/24 ver 0.1
\XC@nummixins=\count116
\XC@countmixins=\count117
) (/usr/local/texlive/2015basic/texmf-dist/tex/generic/oberdiek/atbegshi.sty
Package: atbegshi 2011/10/05 v1.16 At begin shipout hook (HO)
) (/usr/local/texlive/2015basic/texmf-dist/tex/latex/hyperref/hyperref.sty
Package: hyperref 2012/11/06 v6.83m Hypertext links for LaTeX

(/usr/local/texlive/2015basic/texmf-dist/tex/generic/oberdiek/hobsub-hyperref.s
ty
Package: hobsub-hyperref 2012/05/28 v1.13 Bundle oberdiek, subset hyperref (HO)


(/usr/local/texlive/2015basic/texmf-dist/tex/generic/oberdiek/hobsub-generic.st
y
Package: hobsub-generic 2012/05/28 v1.13 Bundle oberdiek, subset generic (HO)
Package: hobsub 2012/05/28 v1.13 Construct package bundles (HO)
Package hobsub Info: Skipping package `infwarerr' (already loaded).
Package hobsub Info: Skipping package `ltxcmds' (already loaded).
Package: ifluatex 2010/03/01 v1.3 Provides the ifluatex switch (HO)
Package ifluatex Info: LuaTeX not detected.
Package hobsub Info: Skipping package `ifvtex' (already loaded).
Package: intcalc 2007/09/27 v1.1 Expandable calculations with integers (HO)
Package hobsub Info: Skipping package `ifpdf' (already loaded).
Package: etexcmds 2011/02/16 v1.5 Avoid name clashes with e-TeX commands (HO)
Package etexcmds Info: Could not find \expanded.
(etexcmds)             That can mean that you are not using pdfTeX 1.50 or
(etexcmds)             that some package has redefined \expanded.
(etexcmds)             In the latter case, load this package earlier.
Package: kvsetkeys 2012/04/25 v1.16 Key value parser (HO)
Package: kvdefinekeys 2011/04/07 v1.3 Define keys (HO)
Package: pdftexcmds 2011/11/29 v0.20 Utility functions of pdfTeX for LuaTeX (HO
)
Package pdftexcmds Info: LuaTeX not detected.
Package pdftexcmds Info: \pdf@primitive is available.
Package pdftexcmds Info: \pdf@ifprimitive is available.
Package pdftexcmds Info: \pdfdraftmode found.
Package: pdfescape 2011/11/25 v1.13 Implements pdfTeX's escape features (HO)
Package: bigintcalc 2012/04/08 v1.3 Expandable calculations on big integers (HO
)
Package: bitset 2011/01/30 v1.1 Handle bit-vector datatype (HO)
Package: uniquecounter 2011/01/30 v1.2 Provide unlimited unique counter (HO)
)
Package hobsub Info: Skipping package `hobsub' (already loaded).
Package: letltxmacro 2010/09/02 v1.4 Let assignment for LaTeX macros (HO)
Package: hopatch 2012/05/28 v1.2 Wrapper for package hooks (HO)
Package: xcolor-patch 2011/01/30 xcolor patch
Package: atveryend 2011/06/30 v1.8 Hooks at the very end of document (HO)
Package atveryend Info: \enddocument detected (standard20110627).
Package hobsub Info: Skipping package `atbegshi' (already loaded).
Package: refcount 2011/10/16 v3.4 Data extraction from label references (HO)
Package: hycolor 2011/01/30 v1.7 Color options for hyperref/bookmark (HO)
) (/usr/local/texlive/2015basic/texmf-dist/tex/latex/oberdiek/auxhook.sty
Package: auxhook 2011/03/04 v1.3 Hooks for auxiliary files (HO)
) (/usr/local/texlive/2015basic/texmf-dist/tex/latex/oberdiek/kvoptions.sty
Package: kvoptions 2011/06/30 v3.11 Key value format for package options (HO)
)
\@linkdim=\dimen164
\Hy@linkcounter=\count118
\Hy@pagecounter=\count119
(/usr/local/texlive/2015basic/texmf-dist/tex/latex/hyperref/pd1enc.def
File: pd1enc.def 2012/11/06 v6.83m Hyperref: PDFDocEncoding definition (HO)
)
\Hy@SavedSpaceFactor=\count120
(/usr/local/texlive/2015basic/texmf-dist/tex/latex/latexconfig/hyperref.cfg
File: hyperref.cfg 2002/06/06 v1.2 hyperref configuration of TeXLive
)
Package hyperref Info: Option `bookmarks' set `true' on input line 4319.
Package hyperref Info: Option `bookmarksopen' set `true' on input line 4319.
Package hyperref Info: Option `implicit' set `false' on input line 4319.
Package hyperref Info: Hyper figures OFF on input line 4443.
Package hyperref Info: Link nesting OFF on input line 4448.
Package hyperref Info: Hyper index ON on input line 4451.
Package hyperref Info: Plain pages OFF on input line 4458.
Package hyperref Info: Backreferencing OFF on input line 4463.
Package hyperref Info: Implicit mode OFF; no redefinition of LaTeX internals.
Package hyperref Info: Bookmarks ON on input line 4688.
\c@Hy@tempcnt=\count121
(/usr/local/texlive/2015basic/texmf-dist/tex/latex/url/url.sty
\Urlmuskip=\muskip10
Package: url 2013/09/16  ver 3.4  Verb mode for urls, etc.
)
LaTeX Info: Redefining \url on input line 5041.
\XeTeXLinkMargin=\dimen165
\Fld@menulength=\count122
\Field@Width=\dimen166
\Fld@charsize=\dimen167
Package hyperref Info: Hyper figures OFF on input line 6295.
Package hyperref Info: Link nesting OFF on input line 6300.
Package hyperref Info: Hyper index ON on input line 6303.
Package hyperref Info: backreferencing OFF on input line 6310.
Package hyperref Info: Link coloring OFF on input line 6315.
Package hyperref Info: Link coloring with OCG OFF on input line 6320.
Package hyperref Info: PDF/A mode OFF on input line 6325.
LaTeX Info: Redefining \ref on input line 6365.
LaTeX Info: Redefining \pageref on input line 6369.
\Hy@abspage=\count123

Package hyperref Message: Stopped early.

)

Package hyperref Message: Driver (autodetected): hpdftex.

(/usr/local/texlive/2015basic/texmf-dist/tex/latex/hyperref/hpdftex.def
File: hpdftex.def 2012/11/06 v6.83m Hyperref driver for pdfTeX
\Fld@listcount=\count124
\c@bookmark@seq@number=\count125
(/usr/local/texlive/2015basic/texmf-dist/tex/latex/oberdiek/rerunfilecheck.sty
Package: rerunfilecheck 2011/04/15 v1.7 Rerun checks for auxiliary files (HO)
Package uniquecounter Info: New unique counter `rerunfilecheck' on input line 2
82.
))
(/usr/local/texlive/2015basic/texmf-dist/tex/latex/beamer/beamerbaserequires.st
y
Package: beamerbaserequires 2010/05/01  (rcs-revision efa082c6111d)

(/usr/local/texlive/2015basic/texmf-dist/tex/latex/beamer/beamerbasecompatibili
ty.sty
Package: beamerbasecompatibility 2012/05/01  (rcs-revision 67c48b3b652d)
) (/usr/local/texlive/2015basic/texmf-dist/tex/latex/beamer/beamerbasefont.sty
Package: beamerbasefont 2015/01/05  (rcs-revision b4b4bee242e2)
(/usr/local/texlive/2015basic/texmf-dist/tex/latex/amsfonts/amssymb.sty
Package: amssymb 2013/01/14 v3.01 AMS font symbols
(/usr/local/texlive/2015basic/texmf-dist/tex/latex/amsfonts/amsfonts.sty
Package: amsfonts 2013/01/14 v3.01 Basic AMSFonts support
\@emptytoks=\toks26
\symAMSa=\mathgroup4
\symAMSb=\mathgroup5
LaTeX Font Info:    Overwriting math alphabet `\mathfrak' in version `bold'
(Font)                  U/euf/m/n --> U/euf/b/n on input line 106.
)))
(/usr/local/texlive/2015basic/texmf-dist/tex/latex/beamer/beamerbasetranslator.
sty
Package: beamerbasetranslator 2010/06/11  (rcs-revision 85fd1cc7fc42)

(/usr/local/texlive/2015basic/texmf-dist/tex/latex/beamer/translator/translator
.sty
Package: translator 2010/06/12 ver 1.10

(/usr/local/texlive/2015basic/texmf-dist/tex/latex/beamer/translator/translator
-language-mappings.tex))) (/usr/local/texlive/2015basic/texmf-dist/tex/latex/be
amer/beamerbasemisc.sty
Package: beamerbasemisc 2013/09/03  (rcs-revision a55719c41d85)
)
(/usr/local/texlive/2015basic/texmf-dist/tex/latex/beamer/beamerbasetwoscreens.
sty
Package: beamerbasetwoscreens 2010/05/01  (rcs-revision efa082c6111d)
)
(/usr/local/texlive/2015basic/texmf-dist/tex/latex/beamer/beamerbaseoverlay.sty
Package: beamerbaseoverlay 2013/12/25  (rcs-revision f6bd5e3805da)
\beamer@argscount=\count126
\beamer@lastskipcover=\skip44
\beamer@trivlistdepth=\count127
) (/usr/local/texlive/2015basic/texmf-dist/tex/latex/beamer/beamerbasetitle.sty
Package: beamerbasetitle 2010/09/21  (rcs-revision f0446ed0b6ae)
)
(/usr/local/texlive/2015basic/texmf-dist/tex/latex/beamer/beamerbasesection.sty
Package: beamerbasesection 2013/06/07  (rcs-revision 60b9fe0f342f)
\c@lecture=\count128
\c@part=\count129
\c@section=\count130
\c@subsection=\count131
\c@subsubsection=\count132
) (/usr/local/texlive/2015basic/texmf-dist/tex/latex/beamer/beamerbaseframe.sty
Package: beamerbaseframe 2014/02/20  (rcs-revision 4b8ceeeff434)
\beamer@framebox=\box40
\beamer@frametitlebox=\box41
\beamer@zoombox=\box42
\beamer@zoomcount=\count133
\beamer@zoomframecount=\count134
\beamer@frametextheight=\dimen168
\c@subsectionslide=\count135
\beamer@frametopskip=\skip45
\beamer@framebottomskip=\skip46
\beamer@frametopskipautobreak=\skip47
\beamer@framebottomskipautobreak=\skip48
\beamer@envbody=\toks27
\framewidth=\dimen169
\c@framenumber=\count136
)
(/usr/local/texlive/2015basic/texmf-dist/tex/latex/beamer/beamerbaseverbatim.st
y
Package: beamerbaseverbatim 2015/01/05  (rcs-revision 431510bb5890)
\beamer@verbatimfileout=\write4
)
(/usr/local/texlive/2015basic/texmf-dist/tex/latex/beamer/beamerbaseframesize.s
ty
Package: beamerbaseframesize 2011/09/12  (rcs-revision 70f9d8411e54)
\beamer@splitbox=\box43
\beamer@autobreakcount=\count137
\beamer@autobreaklastheight=\dimen170
\beamer@frametitletoks=\toks28
\beamer@framesubtitletoks=\toks29
)
(/usr/local/texlive/2015basic/texmf-dist/tex/latex/beamer/beamerbaseframecompon
ents.sty
Package: beamerbaseframecomponents 2013/10/18  (rcs-revision 5cf6c5555a45)
\beamer@footins=\box44
) (/usr/local/texlive/2015basic/texmf-dist/tex/latex/beamer/beamerbasecolor.sty
Package: beamerbasecolor 2015/02/21  (rcs-revision d944b04ee2d5)
) (/usr/local/texlive/2015basic/texmf-dist/tex/latex/beamer/beamerbasenotes.sty
Package: beamerbasenotes 2012/12/19  (rcs-revision 1686da3db3c9)
\beamer@frameboxcopy=\box45
) (/usr/local/texlive/2015basic/texmf-dist/tex/latex/beamer/beamerbasetoc.sty
Package: beamerbasetoc 2015/03/08  (rcs-revision 7270298bbaae)
)
(/usr/local/texlive/2015basic/texmf-dist/tex/latex/beamer/beamerbasetemplates.s
ty
Package: beamerbasetemplates 2010/05/01  (rcs-revision efa082c6111d)
\beamer@sbttoks=\toks30

(/usr/local/texlive/2015basic/texmf-dist/tex/latex/beamer/beamerbaseauxtemplate
s.sty
Package: beamerbaseauxtemplates 2014/06/30  (rcs-revision 580088513a67)
(/usr/local/texlive/2015basic/texmf-dist/tex/latex/beamer/beamerbaseboxes.sty
Package: beamerbaseboxes 2012/05/13  (rcs-revision 56972908a390)
\bmb@box=\box46
\bmb@colorbox=\box47
\bmb@boxshadow=\box48
\bmb@boxshadowball=\box49
\bmb@boxshadowballlarge=\box50
\bmb@temp=\dimen171
\bmb@dima=\dimen172
\bmb@dimb=\dimen173
\bmb@prevheight=\dimen174
)
\beamer@blockheadheight=\dimen175
))
(/usr/local/texlive/2015basic/texmf-dist/tex/latex/beamer/beamerbaselocalstruct
ure.sty
Package: beamerbaselocalstructure 2014/09/10  (rcs-revision 393f6dcff371)
(/usr/local/texlive/2015basic/texmf-dist/tex/latex/tools/enumerate.sty
Package: enumerate 2014/10/28 v3.00 enumerate extensions (DPC)
\@enLab=\toks31
)
\c@figure=\count138
\c@table=\count139
\abovecaptionskip=\skip49
\belowcaptionskip=\skip50
)
(/usr/local/texlive/2015basic/texmf-dist/tex/latex/beamer/beamerbasenavigation.
sty
Package: beamerbasenavigation 2015/02/27  (rcs-revision 923f4bf87efa)
\beamer@section@min@dim=\dimen176
)
(/usr/local/texlive/2015basic/texmf-dist/tex/latex/beamer/beamerbasetheorems.st
y
Package: beamerbasetheorems 2010/06/06  (rcs-revision 7e7cc5e53e9d)
(/usr/local/texlive/2015basic/texmf-dist/tex/latex/amsmath/amsmath.sty
Package: amsmath 2013/01/14 v2.14 AMS math features
\@mathmargin=\skip51
For additional information on amsmath, use the `?' option.
(/usr/local/texlive/2015basic/texmf-dist/tex/latex/amsmath/amstext.sty
Package: amstext 2000/06/29 v2.01
(/usr/local/texlive/2015basic/texmf-dist/tex/latex/amsmath/amsgen.sty
File: amsgen.sty 1999/11/30 v2.0
\@emptytoks=\toks32
\ex@=\dimen177
)) (/usr/local/texlive/2015basic/texmf-dist/tex/latex/amsmath/amsbsy.sty
Package: amsbsy 1999/11/29 v1.2d
\pmbraise@=\dimen178
) (/usr/local/texlive/2015basic/texmf-dist/tex/latex/amsmath/amsopn.sty
Package: amsopn 1999/12/14 v2.01 operator names
)
\inf@bad=\count140
LaTeX Info: Redefining \frac on input line 210.
\uproot@=\count141
\leftroot@=\count142
LaTeX Info: Redefining \overline on input line 306.
\classnum@=\count143
\DOTSCASE@=\count144
LaTeX Info: Redefining \ldots on input line 378.
LaTeX Info: Redefining \dots on input line 381.
LaTeX Info: Redefining \cdots on input line 466.
\Mathstrutbox@=\box51
\strutbox@=\box52
\big@size=\dimen179
LaTeX Font Info:    Redeclaring font encoding OML on input line 566.
LaTeX Font Info:    Redeclaring font encoding OMS on input line 567.
\macc@depth=\count145
\c@MaxMatrixCols=\count146
\dotsspace@=\muskip11
\c@parentequation=\count147
\dspbrk@lvl=\count148
\tag@help=\toks33
\row@=\count149
\column@=\count150
\maxfields@=\count151
\andhelp@=\toks34
\eqnshift@=\dimen180
\alignsep@=\dimen181
\tagshift@=\dimen182
\tagwidth@=\dimen183
\totwidth@=\dimen184
\lineht@=\dimen185
\@envbody=\toks35
\multlinegap=\skip52
\multlinetaggap=\skip53
\mathdisplay@stack=\toks36
LaTeX Info: Redefining \[ on input line 2665.
LaTeX Info: Redefining \] on input line 2666.
) (/usr/local/texlive/2015basic/texmf-dist/tex/latex/amscls/amsthm.sty
Package: amsthm 2015/03/04 v2.20.2
\thm@style=\toks37
\thm@bodyfont=\toks38
\thm@headfont=\toks39
\thm@notefont=\toks40
\thm@headpunct=\toks41
\thm@preskip=\skip54
\thm@postskip=\skip55
\thm@headsep=\skip56
\dth@everypar=\toks42
)
\c@theorem=\count152
) (/usr/local/texlive/2015basic/texmf-dist/tex/latex/beamer/beamerbasethemes.st
y
Package: beamerbasethemes 2010/05/01  (rcs-revision efa082c6111d)
))
(/usr/local/texlive/2015basic/texmf-dist/tex/latex/beamer/themes/theme/beamerth
emedefault.sty
Package: beamerthemedefault 2010/06/17  (rcs-revision d02a7cf4d8ae)

(/usr/local/texlive/2015basic/texmf-dist/tex/latex/beamer/themes/font/beamerfon
tthemedefault.sty
Package: beamerfontthemedefault 2012/12/19  (rcs-revision 1686da3db3c9)
)
(/usr/local/texlive/2015basic/texmf-dist/tex/latex/beamer/themes/color/beamerco
lorthemedefault.sty
Package: beamercolorthemedefault 2012/12/19  (rcs-revision 1686da3db3c9)
)
(/usr/local/texlive/2015basic/texmf-dist/tex/latex/beamer/themes/inner/beamerin
nerthemedefault.sty
Package: beamerinnerthemedefault 2014/06/30  (rcs-revision 580088513a67)
\beamer@dima=\dimen186
\beamer@dimb=\dimen187
)
(/usr/local/texlive/2015basic/texmf-dist/tex/latex/beamer/themes/outer/beamerou
terthemedefault.sty
Package: beamerouterthemedefault 2012/12/19  (rcs-revision 1686da3db3c9)
))) (/usr/local/texlive/2015basic/texmf-dist/tex/latex/booktabs/booktabs.sty
Package: booktabs 2005/04/14 v1.61803 publication quality tables
\heavyrulewidth=\dimen188
\lightrulewidth=\dimen189
\cmidrulewidth=\dimen190
\belowrulesep=\dimen191
\belowbottomsep=\dimen192
\aboverulesep=\dimen193
\abovetopsep=\dimen194
\cmidrulesep=\dimen195
\cmidrulekern=\dimen196
\defaultaddspace=\dimen197
\@cmidla=\count153
\@cmidlb=\count154
\@aboverulesep=\dimen198
\@belowrulesep=\dimen199
\@thisruleclass=\count155
\@lastruleclass=\count156
\@thisrulewidth=\dimen200
) (/usr/local/texlive/2015basic/texmf-dist/tex/latex/pgf/frontendlayer/tikz.sty
(/usr/local/texlive/2015basic/texmf-dist/tex/latex/pgf/basiclayer/pgf.sty
Package: pgf 2013/12/18 v3.0.0 (rcs-revision 1.14)

(/usr/local/texlive/2015basic/texmf-dist/tex/generic/pgf/modules/pgfmoduleshape
s.code.tex
File: pgfmoduleshapes.code.tex 2013/10/31  (rcs-revision 1.34)
\pgfnodeparttextbox=\box53
)
(/usr/local/texlive/2015basic/texmf-dist/tex/generic/pgf/modules/pgfmoduleplot.
code.tex
File: pgfmoduleplot.code.tex 2013/07/31  (rcs-revision 1.12)
)
(/usr/local/texlive/2015basic/texmf-dist/tex/latex/pgf/compatibility/pgfcomp-ve
rsion-0-65.sty
Package: pgfcomp-version-0-65 2007/07/03 v3.0.0 (rcs-revision 1.7)
\pgf@nodesepstart=\dimen201
\pgf@nodesepend=\dimen202
)
(/usr/local/texlive/2015basic/texmf-dist/tex/latex/pgf/compatibility/pgfcomp-ve
rsion-1-18.sty
Package: pgfcomp-version-1-18 2007/07/23 v3.0.0 (rcs-revision 1.1)
)) (/usr/local/texlive/2015basic/texmf-dist/tex/latex/pgf/utilities/pgffor.sty 
(/usr/local/texlive/2015basic/texmf-dist/tex/latex/pgf/utilities/pgfkeys.sty
(/usr/local/texlive/2015basic/texmf-dist/tex/generic/pgf/utilities/pgfkeys.code
.tex)) (/usr/local/texlive/2015basic/texmf-dist/tex/latex/pgf/math/pgfmath.sty 
(/usr/local/texlive/2015basic/texmf-dist/tex/generic/pgf/math/pgfmath.code.tex)
)
(/usr/local/texlive/2015basic/texmf-dist/tex/generic/pgf/utilities/pgffor.code.
tex
Package: pgffor 2013/12/13 v3.0.0 (rcs-revision 1.25)
(/usr/local/texlive/2015basic/texmf-dist/tex/generic/pgf/math/pgfmath.code.tex)
\pgffor@iter=\dimen203
\pgffor@skip=\dimen204
\pgffor@stack=\toks43
\pgffor@toks=\toks44
))
(/usr/local/texlive/2015basic/texmf-dist/tex/generic/pgf/frontendlayer/tikz/tik
z.code.tex
Package: tikz 2013/12/13 v3.0.0 (rcs-revision 1.142)

(/usr/local/texlive/2015basic/texmf-dist/tex/generic/pgf/libraries/pgflibrarypl
othandlers.code.tex
File: pgflibraryplothandlers.code.tex 2013/08/31 v3.0.0 (rcs-revision 1.20)
\pgf@plot@mark@count=\count157
\pgfplotmarksize=\dimen205
)
\tikz@lastx=\dimen206
\tikz@lasty=\dimen207
\tikz@lastxsaved=\dimen208
\tikz@lastysaved=\dimen209
\tikzleveldistance=\dimen210
\tikzsiblingdistance=\dimen211
\tikz@figbox=\box54
\tikz@figbox@bg=\box55
\tikz@tempbox=\box56
\tikz@tempbox@bg=\box57
\tikztreelevel=\count158
\tikznumberofchildren=\count159
\tikznumberofcurrentchild=\count160
\tikz@fig@count=\count161

(/usr/local/texlive/2015basic/texmf-dist/tex/generic/pgf/modules/pgfmodulematri
x.code.tex
File: pgfmodulematrix.code.tex 2013/09/17  (rcs-revision 1.8)
\pgfmatrixcurrentrow=\count162
\pgfmatrixcurrentcolumn=\count163
\pgf@matrix@numberofcolumns=\count164
)
\tikz@expandcount=\count165

(/usr/local/texlive/2015basic/texmf-dist/tex/generic/pgf/frontendlayer/tikz/lib
raries/tikzlibrarytopaths.code.tex
File: tikzlibrarytopaths.code.tex 2008/06/17 v3.0.0 (rcs-revision 1.2)
))) (./Presentation.aux)
\openout1 = `Presentation.aux'.

LaTeX Font Info:    Checking defaults for OML/cmm/m/it on input line 98.
LaTeX Font Info:    ... okay on input line 98.
LaTeX Font Info:    Checking defaults for T1/cmr/m/n on input line 98.
LaTeX Font Info:    ... okay on input line 98.
LaTeX Font Info:    Checking defaults for OT1/cmr/m/n on input line 98.
LaTeX Font Info:    ... okay on input line 98.
LaTeX Font Info:    Checking defaults for OMS/cmsy/m/n on input line 98.
LaTeX Font Info:    ... okay on input line 98.
LaTeX Font Info:    Checking defaults for OMX/cmex/m/n on input line 98.
LaTeX Font Info:    ... okay on input line 98.
LaTeX Font Info:    Checking defaults for U/cmr/m/n on input line 98.
LaTeX Font Info:    ... okay on input line 98.
LaTeX Font Info:    Checking defaults for PD1/pdf/m/n on input line 98.
LaTeX Font Info:    ... okay on input line 98.
*geometry* driver: auto-detecting
*geometry* detected driver: pdftex
*geometry* verbose mode - [ preamble ] result:
* driver: pdftex
* paper: custom
* layout: <same size as paper>
* layoutoffset:(h,v)=(0.0pt,0.0pt)
* modes: includehead includefoot 
* h-part:(L,W,R)=(28.45274pt, 307.28987pt, 28.45274pt)
* v-part:(T,H,B)=(0.0pt, 273.14662pt, 0.0pt)
* \paperwidth=364.19536pt
* \paperheight=273.14662pt
* \textwidth=307.28987pt
* \textheight=244.6939pt
* \oddsidemargin=-43.81725pt
* \evensidemargin=-43.81725pt
* \topmargin=-72.26999pt
* \headheight=14.22636pt
* \headsep=0.0pt
* \topskip=11.0pt
* \footskip=14.22636pt
* \marginparwidth=4.0pt
* \marginparsep=10.0pt
* \columnsep=10.0pt
* \skip\footins=10.0pt plus 4.0pt minus 2.0pt
* \hoffset=0.0pt
* \voffset=0.0pt
* \mag=1000
* \@twocolumnfalse
* \@twosidefalse
* \@mparswitchfalse
* \@reversemarginfalse
* (1in=72.27pt=25.4mm, 1cm=28.453pt)

(/usr/local/texlive/2015basic/texmf-dist/tex/context/base/supp-pdf.mkii
[Loading MPS to PDF converter (version 2006.09.02).]
\scratchcounter=\count166
\scratchdimen=\dimen212
\scratchbox=\box58
\nofMPsegments=\count167
\nofMParguments=\count168
\everyMPshowfont=\toks45
\MPscratchCnt=\count169
\MPscratchDim=\dimen213
\MPnumerator=\count170
\makeMPintoPDFobject=\count171
\everyMPtoPDFconversion=\toks46
) (/usr/local/texlive/2015basic/texmf-dist/tex/latex/oberdiek/epstopdf-base.sty
Package: epstopdf-base 2010/02/09 v2.5 Base part for package epstopdf
(/usr/local/texlive/2015basic/texmf-dist/tex/latex/oberdiek/grfext.sty
Package: grfext 2010/08/19 v1.1 Manage graphics extensions (HO)
)
Package grfext Info: Graphics extension search list:
(grfext)             [.png,.pdf,.jpg,.mps,.jpeg,.jbig2,.jb2,.PNG,.PDF,.JPG,.JPE
G,.JBIG2,.JB2,.eps]
(grfext)             \AppendGraphicsExtensions on input line 452.

(/usr/local/texlive/2015basic/texmf-dist/tex/latex/latexconfig/epstopdf-sys.cfg
File: epstopdf-sys.cfg 2010/07/13 v1.3 Configuration of (r)epstopdf for TeX Liv
e
)) ABD: EveryShipout initializing macros
\AtBeginShipoutBox=\box59
Package hyperref Info: Link coloring OFF on input line 98.
(/usr/local/texlive/2015basic/texmf-dist/tex/latex/hyperref/nameref.sty
Package: nameref 2012/10/27 v2.43 Cross-referencing by name of section

(/usr/local/texlive/2015basic/texmf-dist/tex/generic/oberdiek/gettitlestring.st
y
Package: gettitlestring 2010/12/03 v1.4 Cleanup title references (HO)
)
\c@section@level=\count172
)
LaTeX Info: Redefining \ref on input line 98.
LaTeX Info: Redefining \pageref on input line 98.
LaTeX Info: Redefining \nameref on input line 98.
(./Presentation.out) (./Presentation.out)
\@outlinefile=\write5
\openout5 = `Presentation.out'.

LaTeX Font Info:    Overwriting symbol font `operators' in version `normal'
(Font)                  OT1/cmr/m/n --> OT1/cmss/m/n on input line 98.
LaTeX Font Info:    Overwriting symbol font `operators' in version `bold'
(Font)                  OT1/cmr/bx/n --> OT1/cmss/bx/n on input line 98.
\symnumbers=\mathgroup6
\sympureletters=\mathgroup7
LaTeX Font Info:    Overwriting math alphabet `\mathrm' in version `normal'
(Font)                  OT1/cmss/m/n --> OT1/cmr/m/n on input line 98.
LaTeX Font Info:    Redeclaring math alphabet \mathbf on input line 98.
LaTeX Font Info:    Overwriting math alphabet `\mathbf' in version `normal'
(Font)                  OT1/cmr/bx/n --> OT1/cmss/bx/n on input line 98.
LaTeX Font Info:    Overwriting math alphabet `\mathbf' in version `bold'
(Font)                  OT1/cmr/bx/n --> OT1/cmss/bx/n on input line 98.
LaTeX Font Info:    Redeclaring math alphabet \mathsf on input line 98.
LaTeX Font Info:    Overwriting math alphabet `\mathsf' in version `normal'
(Font)                  OT1/cmss/m/n --> OT1/cmss/m/n on input line 98.
LaTeX Font Info:    Overwriting math alphabet `\mathsf' in version `bold'
(Font)                  OT1/cmss/bx/n --> OT1/cmss/m/n on input line 98.
LaTeX Font Info:    Redeclaring math alphabet \mathit on input line 98.
LaTeX Font Info:    Overwriting math alphabet `\mathit' in version `normal'
(Font)                  OT1/cmr/m/it --> OT1/cmss/m/it on input line 98.
LaTeX Font Info:    Overwriting math alphabet `\mathit' in version `bold'
(Font)                  OT1/cmr/bx/it --> OT1/cmss/m/it on input line 98.
LaTeX Font Info:    Redeclaring math alphabet \mathtt on input line 98.
LaTeX Font Info:    Overwriting math alphabet `\mathtt' in version `normal'
(Font)                  OT1/cmtt/m/n --> OT1/cmtt/m/n on input line 98.
LaTeX Font Info:    Overwriting math alphabet `\mathtt' in version `bold'
(Font)                  OT1/cmtt/m/n --> OT1/cmtt/m/n on input line 98.
LaTeX Font Info:    Overwriting symbol font `numbers' in version `bold'
(Font)                  OT1/cmss/m/n --> OT1/cmss/bx/n on input line 98.
LaTeX Font Info:    Overwriting symbol font `pureletters' in version `bold'
(Font)                  OT1/cmss/m/it --> OT1/cmss/bx/it on input line 98.
LaTeX Font Info:    Overwriting math alphabet `\mathrm' in version `bold'
(Font)                  OT1/cmss/bx/n --> OT1/cmr/bx/n on input line 98.
LaTeX Font Info:    Overwriting math alphabet `\mathbf' in version `bold'
(Font)                  OT1/cmss/bx/n --> OT1/cmss/bx/n on input line 98.
LaTeX Font Info:    Overwriting math alphabet `\mathsf' in version `bold'
(Font)                  OT1/cmss/m/n --> OT1/cmss/bx/n on input line 98.
LaTeX Font Info:    Overwriting math alphabet `\mathit' in version `bold'
(Font)                  OT1/cmss/m/it --> OT1/cmss/bx/it on input line 98.
LaTeX Font Info:    Overwriting math alphabet `\mathtt' in version `bold'
(Font)                  OT1/cmtt/m/n --> OT1/cmtt/bx/n on input line 98.

(/usr/local/texlive/2015basic/texmf-dist/tex/latex/beamer/translator/dicts/tran
slator-basic-dictionary/translator-basic-dictionary-English.dict
Dictionary: translator-basic-dictionary, Language: English 
)
(/usr/local/texlive/2015basic/texmf-dist/tex/latex/beamer/translator/dicts/tran
slator-bibliography-dictionary/translator-bibliography-dictionary-English.dict
Dictionary: translator-bibliography-dictionary, Language: English 
)
(/usr/local/texlive/2015basic/texmf-dist/tex/latex/beamer/translator/dicts/tran
slator-environment-dictionary/translator-environment-dictionary-English.dict
Dictionary: translator-environment-dictionary, Language: English 
)
(/usr/local/texlive/2015basic/texmf-dist/tex/latex/beamer/translator/dicts/tran
slator-months-dictionary/translator-months-dictionary-English.dict
Dictionary: translator-months-dictionary, Language: English 
)
(/usr/local/texlive/2015basic/texmf-dist/tex/latex/beamer/translator/dicts/tran
slator-numbers-dictionary/translator-numbers-dictionary-English.dict
Dictionary: translator-numbers-dictionary, Language: English 
)
(/usr/local/texlive/2015basic/texmf-dist/tex/latex/beamer/translator/dicts/tran
slator-theorem-dictionary/translator-theorem-dictionary-English.dict
Dictionary: translator-theorem-dictionary, Language: English 
)
LaTeX Info: Redefining \includegraphics on input line 98.
(./Presentation.nav)

LaTeX Font Warning: Font shape `OT1/cmss/m/n' in size <4> not available
(Font)              size <5> substituted on input line 102.

[1

{/usr/local/texlive/2015basic/texmf-var/fonts/map/pdftex/updmap/pdftex.map}]
LaTeX Font Info:    Try loading font information for U+msa on input line 118.
(/usr/local/texlive/2015basic/texmf-dist/tex/latex/amsfonts/umsa.fd
File: umsa.fd 2013/01/14 v3.01 AMS symbols A
)
LaTeX Font Info:    Try loading font information for U+msb on input line 118.
(/usr/local/texlive/2015basic/texmf-dist/tex/latex/amsfonts/umsb.fd
File: umsb.fd 2013/01/14 v3.01 AMS symbols B
) [2

] <Forests.png, id=74, 868.24374pt x 294.09875pt>
File: Forests.png Graphic file (type png)
<use Forests.png>
Package pdftex.def Info: Forests.png used on input line 138.
(pdftex.def)             Requested size: 217.0604pt x 73.5245pt.
[3

 <./Forests.png>] <ProbabilityTree.png, id=102, 618.31pt x 425.59pt>
File: ProbabilityTree.png Graphic file (type png)
<use ProbabilityTree.png>
Package pdftex.def Info: ProbabilityTree.png used on input line 156.
(pdftex.def)             Requested size: 185.49443pt x 127.67798pt.

Overfull \vbox (16.26184pt too high) detected at line 156
 []

[4

 <./ProbabilityTree.png>] [5

] <toyImageProfiles.png, id=155, 562.1pt x 421.575pt>
File: toyImageProfiles.png Graphic file (type png)
<use toyImageProfiles.png>
Package pdftex.def Info: toyImageProfiles.png used on input line 196.
(pdftex.def)             Requested size: 168.6313pt x 126.47346pt.
<Interpolated5DimImage1.png, id=156, 256.96pt x 256.96pt>
File: Interpolated5DimImage1.png Graphic file (type png)
<use Interpolated5DimImage1.png>
Package pdftex.def Info: Interpolated5DimImage1.png used on input line 196.
(pdftex.def)             Requested size: 38.54233pt x 38.54233pt.
<Interpolated5DimImage2.png, id=157, 256.96pt x 256.96pt>
File: Interpolated5DimImage2.png Graphic file (type png)
<use Interpolated5DimImage2.png>
Package pdftex.def Info: Interpolated5DimImage2.png used on input line 196.
(pdftex.def)             Requested size: 38.54233pt x 38.54233pt.
<Interpolated5DimImage3.png, id=158, 256.96pt x 256.96pt>
File: Interpolated5DimImage3.png Graphic file (type png)
<use Interpolated5DimImage3.png>
Package pdftex.def Info: Interpolated5DimImage3.png used on input line 196.
(pdftex.def)             Requested size: 38.54233pt x 38.54233pt.
<Interpolated5DimImage4.png, id=159, 256.96pt x 256.96pt>
File: Interpolated5DimImage4.png Graphic file (type png)
<use Interpolated5DimImage4.png>
Package pdftex.def Info: Interpolated5DimImage4.png used on input line 196.
(pdftex.def)             Requested size: 38.54233pt x 38.54233pt.
<Interpolated5DimImage5.png, id=160, 256.96pt x 256.96pt>
File: Interpolated5DimImage5.png Graphic file (type png)
<use Interpolated5DimImage5.png>
Package pdftex.def Info: Interpolated5DimImage5.png used on input line 196.
(pdftex.def)             Requested size: 38.54233pt x 38.54233pt.
<rf.png, id=161, 256.96pt x 256.96pt>
File: rf.png Graphic file (type png)
<use rf.png>
Package pdftex.def Info: rf.png used on input line 196.
(pdftex.def)             Requested size: 51.39108pt x 51.39108pt.
<rf256.png, id=162, 256.96pt x 256.96pt>
File: rf256.png Graphic file (type png)
<use rf256.png>
Package pdftex.def Info: rf256.png used on input line 196.
(pdftex.def)             Requested size: 51.39108pt x 51.39108pt.
<rf1000.png, id=163, 256.96pt x 256.96pt>
File: rf1000.png Graphic file (type png)
<use rf1000.png>
Package pdftex.def Info: rf1000.png used on input line 196.
(pdftex.def)             Requested size: 51.39108pt x 51.39108pt.
<nn.png, id=164, 256.96pt x 256.96pt>
File: nn.png Graphic file (type png)
<use nn.png>
Package pdftex.def Info: nn.png used on input line 196.
(pdftex.def)             Requested size: 51.39108pt x 51.39108pt.
[6

 <./toyImageProfiles.png (PNG copy)> <./Interpolated5DimImage1.png (PNG copy)> 
<./Interpolated5DimImage2.png (PNG copy)> <./Interpolated5DimImage3.png (PNG co
py)> <./Interpolated5DimImage4.png (PNG copy)> <./Interpolated5DimImage5.png (P
NG copy)> <./rf.png (PNG copy)> <./rf256.png (PNG copy)> <./rf1000.png (PNG cop
y)> <./nn.png (PNG copy)>] [7

] <spatial-denoised/wavelet_den_1.png, id=216, 2055.68pt x 578.16pt>
File: spatial-denoised/wavelet_den_1.png Graphic file (type png)
<use spatial-denoised/wavelet_den_1.png>
Package pdftex.def Info: spatial-denoised/wavelet_den_1.png used on input line 
292.
(pdftex.def)             Requested size: 21.98834pt x 6.18901pt.
<spatial-denoised/wavelet_den_2.png, id=217, 2055.68pt x 578.16pt>
File: spatial-denoised/wavelet_den_2.png Graphic file (type png)
<use spatial-denoised/wavelet_den_2.png>
Package pdftex.def Info: spatial-denoised/wavelet_den_2.png used on input line 
292.
(pdftex.def)             Requested size: 21.98834pt x 6.18901pt.
<spatial-denoised/wavelet_den_3.png, id=218, 2055.68pt x 578.16pt>
File: spatial-denoised/wavelet_den_3.png Graphic file (type png)
<use spatial-denoised/wavelet_den_3.png>
Package pdftex.def Info: spatial-denoised/wavelet_den_3.png used on input line 
292.
(pdftex.def)             Requested size: 21.98834pt x 6.18901pt.
<spatial-denoised/wavelet_den_4.png, id=219, 2055.68pt x 578.16pt>
File: spatial-denoised/wavelet_den_4.png Graphic file (type png)
<use spatial-denoised/wavelet_den_4.png>
Package pdftex.def Info: spatial-denoised/wavelet_den_4.png used on input line 
292.
(pdftex.def)             Requested size: 21.98834pt x 6.18901pt.
<spatial-denoised/wavelet_den_5.png, id=220, 2055.68pt x 578.16pt>
File: spatial-denoised/wavelet_den_5.png Graphic file (type png)
<use spatial-denoised/wavelet_den_5.png>
Package pdftex.def Info: spatial-denoised/wavelet_den_5.png used on input line 
292.
(pdftex.def)             Requested size: 21.98834pt x 6.18901pt.
<spatial-denoised/wavelet_den_6.png, id=221, 2055.68pt x 578.16pt>
File: spatial-denoised/wavelet_den_6.png Graphic file (type png)
<use spatial-denoised/wavelet_den_6.png>
Package pdftex.def Info: spatial-denoised/wavelet_den_6.png used on input line 
292.
(pdftex.def)             Requested size: 21.98834pt x 6.18901pt.
<spatial-denoised/wavelet_den_7.png, id=222, 2055.68pt x 578.16pt>
File: spatial-denoised/wavelet_den_7.png Graphic file (type png)
<use spatial-denoised/wavelet_den_7.png>
Package pdftex.def Info: spatial-denoised/wavelet_den_7.png used on input line 
292.
(pdftex.def)             Requested size: 21.98834pt x 6.18901pt.
<spatial-denoised/wavelet_den_8.png, id=223, 2055.68pt x 578.16pt>
File: spatial-denoised/wavelet_den_8.png Graphic file (type png)
<use spatial-denoised/wavelet_den_8.png>
Package pdftex.def Info: spatial-denoised/wavelet_den_8.png used on input line 
292.
(pdftex.def)             Requested size: 21.98834pt x 6.18901pt.
<spatial-denoised/wavelet_den_9.png, id=224, 2055.68pt x 578.16pt>
File: spatial-denoised/wavelet_den_9.png Graphic file (type png)
<use spatial-denoised/wavelet_den_9.png>
Package pdftex.def Info: spatial-denoised/wavelet_den_9.png used on input line 
292.
(pdftex.def)             Requested size: 21.98834pt x 6.18901pt.
<spatial-denoised/wavelet_den_10.png, id=225, 2055.68pt x 578.16pt>
File: spatial-denoised/wavelet_den_10.png Graphic file (type png)
<use spatial-denoised/wavelet_den_10.png>
Package pdftex.def Info: spatial-denoised/wavelet_den_10.png used on input line
 292.
(pdftex.def)             Requested size: 21.98834pt x 6.18901pt.
<spatial-denoised/wavelet_den_11.png, id=226, 2055.68pt x 578.16pt>
File: spatial-denoised/wavelet_den_11.png Graphic file (type png)
<use spatial-denoised/wavelet_den_11.png>
Package pdftex.def Info: spatial-denoised/wavelet_den_11.png used on input line
 292.
(pdftex.def)             Requested size: 21.98834pt x 6.18901pt.
<spatial-denoised/wavelet_den_12.png, id=227, 2055.68pt x 578.16pt>
File: spatial-denoised/wavelet_den_12.png Graphic file (type png)
<use spatial-denoised/wavelet_den_12.png>
Package pdftex.def Info: spatial-denoised/wavelet_den_12.png used on input line
 292.
(pdftex.def)             Requested size: 21.98834pt x 6.18901pt.
<spatial-denoised/wavelet_den_13.png, id=228, 2055.68pt x 578.16pt>
File: spatial-denoised/wavelet_den_13.png Graphic file (type png)
<use spatial-denoised/wavelet_den_13.png>
Package pdftex.def Info: spatial-denoised/wavelet_den_13.png used on input line
 292.
(pdftex.def)             Requested size: 21.98834pt x 6.18901pt.
<spatial-denoised/wavelet_den_14.png, id=229, 2055.68pt x 578.16pt>
File: spatial-denoised/wavelet_den_14.png Graphic file (type png)
<use spatial-denoised/wavelet_den_14.png>
Package pdftex.def Info: spatial-denoised/wavelet_den_14.png used on input line
 292.
(pdftex.def)             Requested size: 21.98834pt x 6.18901pt.
<spatial-denoised/wavelet_den_15.png, id=230, 2055.68pt x 578.16pt>
File: spatial-denoised/wavelet_den_15.png Graphic file (type png)
<use spatial-denoised/wavelet_den_15.png>
Package pdftex.def Info: spatial-denoised/wavelet_den_15.png used on input line
 292.
(pdftex.def)             Requested size: 21.98834pt x 6.18901pt.

Overfull \hbox (22.53526pt too wide) in paragraph at lines 292--292
[][][][][][][][][][][][][][][][]  
 []

<spatial-denoised/wavelet_den_16.png, id=231, 2055.68pt x 578.16pt>
File: spatial-denoised/wavelet_den_16.png Graphic file (type png)
<use spatial-denoised/wavelet_den_16.png>
Package pdftex.def Info: spatial-denoised/wavelet_den_16.png used on input line
 292.
(pdftex.def)             Requested size: 21.98834pt x 6.18901pt.
<spatial-denoised/wavelet_den_17.png, id=232, 2055.68pt x 578.16pt>
File: spatial-denoised/wavelet_den_17.png Graphic file (type png)
<use spatial-denoised/wavelet_den_17.png>
Package pdftex.def Info: spatial-denoised/wavelet_den_17.png used on input line
 292.
(pdftex.def)             Requested size: 21.98834pt x 6.18901pt.
<spatial-denoised/wavelet_den_18.png, id=233, 2055.68pt x 578.16pt>
File: spatial-denoised/wavelet_den_18.png Graphic file (type png)
<use spatial-denoised/wavelet_den_18.png>
Package pdftex.def Info: spatial-denoised/wavelet_den_18.png used on input line
 292.
(pdftex.def)             Requested size: 21.98834pt x 6.18901pt.
<spatial-denoised/wavelet_den_19.png, id=234, 2055.68pt x 578.16pt>
File: spatial-denoised/wavelet_den_19.png Graphic file (type png)
<use spatial-denoised/wavelet_den_19.png>
Package pdftex.def Info: spatial-denoised/wavelet_den_19.png used on input line
 292.
(pdftex.def)             Requested size: 21.98834pt x 6.18901pt.
<spatial-denoised/wavelet_den_20.png, id=235, 2055.68pt x 578.16pt>
File: spatial-denoised/wavelet_den_20.png Graphic file (type png)
<use spatial-denoised/wavelet_den_20.png>
Package pdftex.def Info: spatial-denoised/wavelet_den_20.png used on input line
 292.
(pdftex.def)             Requested size: 21.98834pt x 6.18901pt.
<spatial-denoised/wavelet_den_21.png, id=236, 2055.68pt x 578.16pt>
File: spatial-denoised/wavelet_den_21.png Graphic file (type png)
<use spatial-denoised/wavelet_den_21.png>
Package pdftex.def Info: spatial-denoised/wavelet_den_21.png used on input line
 292.
(pdftex.def)             Requested size: 21.98834pt x 6.18901pt.
<spatial-denoised/wavelet_den_22.png, id=237, 2055.68pt x 578.16pt>
File: spatial-denoised/wavelet_den_22.png Graphic file (type png)
<use spatial-denoised/wavelet_den_22.png>
Package pdftex.def Info: spatial-denoised/wavelet_den_22.png used on input line
 292.
(pdftex.def)             Requested size: 21.98834pt x 6.18901pt.
<spatial-denoised/wavelet_den_23.png, id=238, 2055.68pt x 578.16pt>
File: spatial-denoised/wavelet_den_23.png Graphic file (type png)
<use spatial-denoised/wavelet_den_23.png>
Package pdftex.def Info: spatial-denoised/wavelet_den_23.png used on input line
 292.
(pdftex.def)             Requested size: 21.98834pt x 6.18901pt.
<spatial-denoised/wavelet_den_24.png, id=239, 2055.68pt x 578.16pt>
File: spatial-denoised/wavelet_den_24.png Graphic file (type png)
<use spatial-denoised/wavelet_den_24.png>
Package pdftex.def Info: spatial-denoised/wavelet_den_24.png used on input line
 292.
(pdftex.def)             Requested size: 21.98834pt x 6.18901pt.
<spatial-denoised/wavelet_den_25.png, id=240, 2055.68pt x 578.16pt>
File: spatial-denoised/wavelet_den_25.png Graphic file (type png)
<use spatial-denoised/wavelet_den_25.png>
Package pdftex.def Info: spatial-denoised/wavelet_den_25.png used on input line
 292.
(pdftex.def)             Requested size: 21.98834pt x 6.18901pt.
<spatial-denoised/wavelet_den_26.png, id=241, 2055.68pt x 578.16pt>
File: spatial-denoised/wavelet_den_26.png Graphic file (type png)
<use spatial-denoised/wavelet_den_26.png>
Package pdftex.def Info: spatial-denoised/wavelet_den_26.png used on input line
 292.
(pdftex.def)             Requested size: 21.98834pt x 6.18901pt.
<spatial-denoised/wavelet_den_27.png, id=242, 2055.68pt x 578.16pt>
File: spatial-denoised/wavelet_den_27.png Graphic file (type png)
<use spatial-denoised/wavelet_den_27.png>
Package pdftex.def Info: spatial-denoised/wavelet_den_27.png used on input line
 292.
(pdftex.def)             Requested size: 21.98834pt x 6.18901pt.
<spatial-denoised/wavelet_den_28.png, id=243, 2055.68pt x 578.16pt>
File: spatial-denoised/wavelet_den_28.png Graphic file (type png)
<use spatial-denoised/wavelet_den_28.png>
Package pdftex.def Info: spatial-denoised/wavelet_den_28.png used on input line
 292.
(pdftex.def)             Requested size: 21.98834pt x 6.18901pt.
<spatial-denoised/wavelet_den_29.png, id=244, 2055.68pt x 578.16pt>
File: spatial-denoised/wavelet_den_29.png Graphic file (type png)
<use spatial-denoised/wavelet_den_29.png>
Package pdftex.def Info: spatial-denoised/wavelet_den_29.png used on input line
 292.
(pdftex.def)             Requested size: 21.98834pt x 6.18901pt.
<spatial-denoised/wavelet_den_30.png, id=245, 2055.68pt x 578.16pt>
File: spatial-denoised/wavelet_den_30.png Graphic file (type png)
<use spatial-denoised/wavelet_den_30.png>
Package pdftex.def Info: spatial-denoised/wavelet_den_30.png used on input line
 292.
(pdftex.def)             Requested size: 21.98834pt x 6.18901pt.

Overfull \hbox (22.53526pt too wide) in paragraph at lines 292--292
[][][][][][][][][][][][][][][][]  
 []

<spatial-denoised/wavelet_den_31.png, id=246, 2055.68pt x 578.16pt>
File: spatial-denoised/wavelet_den_31.png Graphic file (type png)
<use spatial-denoised/wavelet_den_31.png>
Package pdftex.def Info: spatial-denoised/wavelet_den_31.png used on input line
 292.
(pdftex.def)             Requested size: 21.98834pt x 6.18901pt.
<spatial-denoised/wavelet_den_32.png, id=247, 2055.68pt x 578.16pt>
File: spatial-denoised/wavelet_den_32.png Graphic file (type png)
<use spatial-denoised/wavelet_den_32.png>
Package pdftex.def Info: spatial-denoised/wavelet_den_32.png used on input line
 292.
(pdftex.def)             Requested size: 21.98834pt x 6.18901pt.
<spatial-denoised/wavelet_den_33.png, id=248, 2055.68pt x 578.16pt>
File: spatial-denoised/wavelet_den_33.png Graphic file (type png)
<use spatial-denoised/wavelet_den_33.png>
Package pdftex.def Info: spatial-denoised/wavelet_den_33.png used on input line
 292.
(pdftex.def)             Requested size: 21.98834pt x 6.18901pt.
<spatial-denoised/wavelet_den_34.png, id=249, 2055.68pt x 578.16pt>
File: spatial-denoised/wavelet_den_34.png Graphic file (type png)
<use spatial-denoised/wavelet_den_34.png>
Package pdftex.def Info: spatial-denoised/wavelet_den_34.png used on input line
 292.
(pdftex.def)             Requested size: 21.98834pt x 6.18901pt.
<spatial-denoised/wavelet_den_35.png, id=250, 2055.68pt x 578.16pt>
File: spatial-denoised/wavelet_den_35.png Graphic file (type png)
<use spatial-denoised/wavelet_den_35.png>
Package pdftex.def Info: spatial-denoised/wavelet_den_35.png used on input line
 292.
(pdftex.def)             Requested size: 21.98834pt x 6.18901pt.
<spatial-denoised/wavelet_den_36.png, id=251, 2055.68pt x 578.16pt>
File: spatial-denoised/wavelet_den_36.png Graphic file (type png)
<use spatial-denoised/wavelet_den_36.png>
Package pdftex.def Info: spatial-denoised/wavelet_den_36.png used on input line
 292.
(pdftex.def)             Requested size: 21.98834pt x 6.18901pt.
<spatial-denoised/wavelet_den_37.png, id=252, 2055.68pt x 578.16pt>
File: spatial-denoised/wavelet_den_37.png Graphic file (type png)
<use spatial-denoised/wavelet_den_37.png>
Package pdftex.def Info: spatial-denoised/wavelet_den_37.png used on input line
 292.
(pdftex.def)             Requested size: 21.98834pt x 6.18901pt.
<spatial-denoised/wavelet_den_38.png, id=253, 2055.68pt x 578.16pt>
File: spatial-denoised/wavelet_den_38.png Graphic file (type png)
<use spatial-denoised/wavelet_den_38.png>
Package pdftex.def Info: spatial-denoised/wavelet_den_38.png used on input line
 292.
(pdftex.def)             Requested size: 21.98834pt x 6.18901pt.
<spatial-denoised/wavelet_den_39.png, id=254, 2055.68pt x 578.16pt>
File: spatial-denoised/wavelet_den_39.png Graphic file (type png)
<use spatial-denoised/wavelet_den_39.png>
Package pdftex.def Info: spatial-denoised/wavelet_den_39.png used on input line
 292.
(pdftex.def)             Requested size: 21.98834pt x 6.18901pt.
<spatial-denoised/wavelet_den_40.png, id=255, 2055.68pt x 578.16pt>
File: spatial-denoised/wavelet_den_40.png Graphic file (type png)
<use spatial-denoised/wavelet_den_40.png>
Package pdftex.def Info: spatial-denoised/wavelet_den_40.png used on input line
 292.
(pdftex.def)             Requested size: 21.98834pt x 6.18901pt.
<spatial-denoised/wavelet_den_41.png, id=256, 2055.68pt x 578.16pt>
File: spatial-denoised/wavelet_den_41.png Graphic file (type png)
<use spatial-denoised/wavelet_den_41.png>
Package pdftex.def Info: spatial-denoised/wavelet_den_41.png used on input line
 292.
(pdftex.def)             Requested size: 21.98834pt x 6.18901pt.
<spatial-denoised/wavelet_den_42.png, id=257, 2055.68pt x 578.16pt>
File: spatial-denoised/wavelet_den_42.png Graphic file (type png)
<use spatial-denoised/wavelet_den_42.png>
Package pdftex.def Info: spatial-denoised/wavelet_den_42.png used on input line
 292.
(pdftex.def)             Requested size: 21.98834pt x 6.18901pt.
<spatial-denoised/wavelet_den_43.png, id=258, 2055.68pt x 578.16pt>
File: spatial-denoised/wavelet_den_43.png Graphic file (type png)
<use spatial-denoised/wavelet_den_43.png>
Package pdftex.def Info: spatial-denoised/wavelet_den_43.png used on input line
 292.
(pdftex.def)             Requested size: 21.98834pt x 6.18901pt.
<spatial-denoised/wavelet_den_44.png, id=259, 2055.68pt x 578.16pt>
File: spatial-denoised/wavelet_den_44.png Graphic file (type png)
<use spatial-denoised/wavelet_den_44.png>
Package pdftex.def Info: spatial-denoised/wavelet_den_44.png used on input line
 292.
(pdftex.def)             Requested size: 21.98834pt x 6.18901pt.
<spatial-denoised/wavelet_den_45.png, id=260, 2055.68pt x 578.16pt>
File: spatial-denoised/wavelet_den_45.png Graphic file (type png)
<use spatial-denoised/wavelet_den_45.png>
Package pdftex.def Info: spatial-denoised/wavelet_den_45.png used on input line
 292.
(pdftex.def)             Requested size: 21.98834pt x 6.18901pt.

Overfull \hbox (22.53526pt too wide) in paragraph at lines 292--292
[][][][][][][][][][][][][][][][]  
 []

<spatial-denoised/wavelet_den_46.png, id=261, 2055.68pt x 578.16pt>
File: spatial-denoised/wavelet_den_46.png Graphic file (type png)
<use spatial-denoised/wavelet_den_46.png>
Package pdftex.def Info: spatial-denoised/wavelet_den_46.png used on input line
 292.
(pdftex.def)             Requested size: 21.98834pt x 6.18901pt.
<spatial-denoised/wavelet_den_47.png, id=262, 2055.68pt x 578.16pt>
File: spatial-denoised/wavelet_den_47.png Graphic file (type png)
<use spatial-denoised/wavelet_den_47.png>
Package pdftex.def Info: spatial-denoised/wavelet_den_47.png used on input line
 292.
(pdftex.def)             Requested size: 21.98834pt x 6.18901pt.
<spatial-denoised/wavelet_den_48.png, id=263, 2055.68pt x 578.16pt>
File: spatial-denoised/wavelet_den_48.png Graphic file (type png)
<use spatial-denoised/wavelet_den_48.png>
Package pdftex.def Info: spatial-denoised/wavelet_den_48.png used on input line
 292.
(pdftex.def)             Requested size: 21.98834pt x 6.18901pt.
<spatial-denoised/wavelet_den_49.png, id=264, 2055.68pt x 578.16pt>
File: spatial-denoised/wavelet_den_49.png Graphic file (type png)
<use spatial-denoised/wavelet_den_49.png>
Package pdftex.def Info: spatial-denoised/wavelet_den_49.png used on input line
 292.
(pdftex.def)             Requested size: 21.98834pt x 6.18901pt.
<spatial-denoised/wavelet_den_50.png, id=265, 2055.68pt x 578.16pt>
File: spatial-denoised/wavelet_den_50.png Graphic file (type png)
<use spatial-denoised/wavelet_den_50.png>
Package pdftex.def Info: spatial-denoised/wavelet_den_50.png used on input line
 292.
(pdftex.def)             Requested size: 21.98834pt x 6.18901pt.
<spatial-denoised/wavelet_den_51.png, id=266, 2055.68pt x 578.16pt>
File: spatial-denoised/wavelet_den_51.png Graphic file (type png)
<use spatial-denoised/wavelet_den_51.png>
Package pdftex.def Info: spatial-denoised/wavelet_den_51.png used on input line
 292.
(pdftex.def)             Requested size: 21.98834pt x 6.18901pt.
<spatial-denoised/wavelet_den_52.png, id=267, 2055.68pt x 578.16pt>
File: spatial-denoised/wavelet_den_52.png Graphic file (type png)
<use spatial-denoised/wavelet_den_52.png>
Package pdftex.def Info: spatial-denoised/wavelet_den_52.png used on input line
 292.
(pdftex.def)             Requested size: 21.98834pt x 6.18901pt.
<spatial-denoised/wavelet_den_53.png, id=268, 2055.68pt x 578.16pt>
File: spatial-denoised/wavelet_den_53.png Graphic file (type png)
<use spatial-denoised/wavelet_den_53.png>
Package pdftex.def Info: spatial-denoised/wavelet_den_53.png used on input line
 292.
(pdftex.def)             Requested size: 21.98834pt x 6.18901pt.
<spatial-denoised/wavelet_den_54.png, id=269, 2055.68pt x 578.16pt>
File: spatial-denoised/wavelet_den_54.png Graphic file (type png)
<use spatial-denoised/wavelet_den_54.png>
Package pdftex.def Info: spatial-denoised/wavelet_den_54.png used on input line
 292.
(pdftex.def)             Requested size: 21.98834pt x 6.18901pt.
<spatial-denoised/wavelet_den_55.png, id=270, 2055.68pt x 578.16pt>
File: spatial-denoised/wavelet_den_55.png Graphic file (type png)
<use spatial-denoised/wavelet_den_55.png>
Package pdftex.def Info: spatial-denoised/wavelet_den_55.png used on input line
 292.
(pdftex.def)             Requested size: 21.98834pt x 6.18901pt.
<spatial-denoised/wavelet_den_56.png, id=271, 2055.68pt x 578.16pt>
File: spatial-denoised/wavelet_den_56.png Graphic file (type png)
<use spatial-denoised/wavelet_den_56.png>
Package pdftex.def Info: spatial-denoised/wavelet_den_56.png used on input line
 292.
(pdftex.def)             Requested size: 21.98834pt x 6.18901pt.
<spatial-denoised/wavelet_den_57.png, id=272, 2055.68pt x 578.16pt>
File: spatial-denoised/wavelet_den_57.png Graphic file (type png)
<use spatial-denoised/wavelet_den_57.png>
Package pdftex.def Info: spatial-denoised/wavelet_den_57.png used on input line
 292.
(pdftex.def)             Requested size: 21.98834pt x 6.18901pt.
<spatial-denoised/wavelet_den_58.png, id=273, 2055.68pt x 578.16pt>
File: spatial-denoised/wavelet_den_58.png Graphic file (type png)
<use spatial-denoised/wavelet_den_58.png>
Package pdftex.def Info: spatial-denoised/wavelet_den_58.png used on input line
 292.
(pdftex.def)             Requested size: 21.98834pt x 6.18901pt.
<spatial-denoised/wavelet_den_59.png, id=274, 2055.68pt x 578.16pt>
File: spatial-denoised/wavelet_den_59.png Graphic file (type png)
<use spatial-denoised/wavelet_den_59.png>
Package pdftex.def Info: spatial-denoised/wavelet_den_59.png used on input line
 292.
(pdftex.def)             Requested size: 21.98834pt x 6.18901pt.
<spatial-denoised/wavelet_den_60.png, id=275, 2055.68pt x 578.16pt>
File: spatial-denoised/wavelet_den_60.png Graphic file (type png)
<use spatial-denoised/wavelet_den_60.png>
Package pdftex.def Info: spatial-denoised/wavelet_den_60.png used on input line
 292.
(pdftex.def)             Requested size: 21.98834pt x 6.18901pt.

Overfull \hbox (22.53526pt too wide) in paragraph at lines 292--292
[][][][][][][][][][][][][][][][]  
 []

<spatial-denoised/wavelet_den_61.png, id=276, 2055.68pt x 578.16pt>
File: spatial-denoised/wavelet_den_61.png Graphic file (type png)
<use spatial-denoised/wavelet_den_61.png>
Package pdftex.def Info: spatial-denoised/wavelet_den_61.png used on input line
 292.
(pdftex.def)             Requested size: 21.98834pt x 6.18901pt.
<spatial-denoised/wavelet_den_62.png, id=277, 2055.68pt x 578.16pt>
File: spatial-denoised/wavelet_den_62.png Graphic file (type png)
<use spatial-denoised/wavelet_den_62.png>
Package pdftex.def Info: spatial-denoised/wavelet_den_62.png used on input line
 292.
(pdftex.def)             Requested size: 21.98834pt x 6.18901pt.
File: spatial-denoised/wavelet_den_62.png Graphic file (type png)
<use spatial-denoised/wavelet_den_62.png>
Package pdftex.def Info: spatial-denoised/wavelet_den_62.png used on input line
 292.
(pdftex.def)             Requested size: 21.98834pt x 6.18901pt.
<spatial-denoised/wavelet_den_63.png, id=278, 2055.68pt x 578.16pt>
File: spatial-denoised/wavelet_den_63.png Graphic file (type png)
<use spatial-denoised/wavelet_den_63.png>
Package pdftex.def Info: spatial-denoised/wavelet_den_63.png used on input line
 292.
(pdftex.def)             Requested size: 21.98834pt x 6.18901pt.
<spatial-denoised/wavelet_den_64.png, id=279, 2055.68pt x 578.16pt>
File: spatial-denoised/wavelet_den_64.png Graphic file (type png)
<use spatial-denoised/wavelet_den_64.png>
Package pdftex.def Info: spatial-denoised/wavelet_den_64.png used on input line
 292.
(pdftex.def)             Requested size: 21.98834pt x 6.18901pt.
File: spatial-denoised/wavelet_den_64.png Graphic file (type png)
<use spatial-denoised/wavelet_den_64.png>
Package pdftex.def Info: spatial-denoised/wavelet_den_64.png used on input line
 292.
(pdftex.def)             Requested size: 21.98834pt x 6.18901pt.
<spatial-denoised/wavelet_den_65.png, id=280, 2055.68pt x 578.16pt>
File: spatial-denoised/wavelet_den_65.png Graphic file (type png)
<use spatial-denoised/wavelet_den_65.png>
Package pdftex.def Info: spatial-denoised/wavelet_den_65.png used on input line
 292.
(pdftex.def)             Requested size: 21.98834pt x 6.18901pt.
<spatial-denoised/wavelet_den_66.png, id=281, 2055.68pt x 578.16pt>
File: spatial-denoised/wavelet_den_66.png Graphic file (type png)
<use spatial-denoised/wavelet_den_66.png>
Package pdftex.def Info: spatial-denoised/wavelet_den_66.png used on input line
 292.
(pdftex.def)             Requested size: 21.98834pt x 6.18901pt.
<spatial-denoised/wavelet_den_67.png, id=282, 2055.68pt x 578.16pt>
File: spatial-denoised/wavelet_den_67.png Graphic file (type png)
<use spatial-denoised/wavelet_den_67.png>
Package pdftex.def Info: spatial-denoised/wavelet_den_67.png used on input line
 292.
(pdftex.def)             Requested size: 21.98834pt x 6.18901pt.
<spatial-denoised/wavelet_den_68.png, id=283, 2055.68pt x 578.16pt>
File: spatial-denoised/wavelet_den_68.png Graphic file (type png)
<use spatial-denoised/wavelet_den_68.png>
Package pdftex.def Info: spatial-denoised/wavelet_den_68.png used on input line
 292.
(pdftex.def)             Requested size: 21.98834pt x 6.18901pt.
<spatial-denoised/wavelet_den_69.png, id=284, 2055.68pt x 578.16pt>
File: spatial-denoised/wavelet_den_69.png Graphic file (type png)
<use spatial-denoised/wavelet_den_69.png>
Package pdftex.def Info: spatial-denoised/wavelet_den_69.png used on input line
 292.
(pdftex.def)             Requested size: 21.98834pt x 6.18901pt.
<spatial-denoised/wavelet_den_70.png, id=285, 2055.68pt x 578.16pt>
File: spatial-denoised/wavelet_den_70.png Graphic file (type png)
<use spatial-denoised/wavelet_den_70.png>
Package pdftex.def Info: spatial-denoised/wavelet_den_70.png used on input line
 292.
(pdftex.def)             Requested size: 21.98834pt x 6.18901pt.
<spatial-denoised/wavelet_den_71.png, id=286, 2055.68pt x 578.16pt>
File: spatial-denoised/wavelet_den_71.png Graphic file (type png)
<use spatial-denoised/wavelet_den_71.png>
Package pdftex.def Info: spatial-denoised/wavelet_den_71.png used on input line
 292.
(pdftex.def)             Requested size: 21.98834pt x 6.18901pt.
<spatial-denoised/wavelet_den_72.png, id=287, 2055.68pt x 578.16pt>
File: spatial-denoised/wavelet_den_72.png Graphic file (type png)
<use spatial-denoised/wavelet_den_72.png>
Package pdftex.def Info: spatial-denoised/wavelet_den_72.png used on input line
 292.
(pdftex.def)             Requested size: 21.98834pt x 6.18901pt.

Overfull \hbox (0.54692pt too wide) in paragraph at lines 292--292
[][][][][][][][][][][][][][][]  
 []

File: spatial-denoised/wavelet_den_45.png Graphic file (type png)
<use spatial-denoised/wavelet_den_45.png>
Package pdftex.def Info: spatial-denoised/wavelet_den_45.png used on input line
 292.
(pdftex.def)             Requested size: 205.58003pt x 57.81938pt.
<contrastAgentResponses1.png, id=288, 562.1pt x 421.575pt>
File: contrastAgentResponses1.png Graphic file (type png)
<use contrastAgentResponses1.png>
Package pdftex.def Info: contrastAgentResponses1.png used on input line 292.
(pdftex.def)             Requested size: 140.52466pt x 105.39348pt.
[8

 <./spatial-denoised/wavelet_den_1.png (PNG copy)> <./spatial-denoised/wavelet_
den_2.png (PNG copy)> <./spatial-denoised/wavelet_den_3.png (PNG copy)> <./spat
ial-denoised/wavelet_den_4.png (PNG copy)> <./spatial-denoised/wavelet_den_5.pn
g (PNG copy)> <./spatial-denoised/wavelet_den_6.png (PNG copy)> <./spatial-deno
ised/wavelet_den_7.png (PNG copy)> <./spatial-denoised/wavelet_den_8.png (PNG c
opy)> <./spatial-denoised/wavelet_den_9.png (PNG copy)> <./spatial-denoised/wav
elet_den_10.png (PNG copy)> <./spatial-denoised/wavelet_den_11.png (PNG copy)> 
<./spatial-denoised/wavelet_den_12.png (PNG copy)> <./spatial-denoised/wavelet_
den_13.png (PNG copy)> <./spatial-denoised/wavelet_den_14.png (PNG copy)> <./sp
atial-denoised/wavelet_den_15.png (PNG copy)> <./spatial-denoised/wavelet_den_1
6.png (PNG copy)> <./spatial-denoised/wavelet_den_17.png (PNG copy)> <./spatial
-denoised/wavelet_den_18.png (PNG copy)> <./spatial-denoised/wavelet_den_19.png
 (PNG copy)> <./spatial-denoised/wavelet_den_20.png (PNG copy)> <./spatial-deno
ised/wavelet_den_21.png (PNG copy)> <./spatial-denoised/wavelet_den_22.png (PNG
 copy)> <./spatial-denoised/wavelet_den_23.png (PNG copy)> <./spatial-denoised/
wavelet_den_24.png (PNG copy)> <./spatial-denoised/wavelet_den_25.png (PNG copy
)> <./spatial-denoised/wavelet_den_26.png (PNG copy)> <./spatial-denoised/wavel
et_den_27.png (PNG copy)> <./spatial-denoised/wavelet_den_28.png (PNG copy)> <.
/spatial-denoised/wavelet_den_29.png (PNG copy)> <./spatial-denoised/wavelet_de
n_30.png (PNG copy)> <./spatial-denoised/wavelet_den_31.png (PNG copy)> <./spat
ial-denoised/wavelet_den_32.png (PNG copy)> <./spatial-denoised/wavelet_den_33.
png (PNG copy)> <./spatial-denoised/wavelet_den_34.png (PNG copy)> <./spatial-d
enoised/wavelet_den_35.png (PNG copy)> <./spatial-denoised/wavelet_den_36.png (
PNG copy)> <./spatial-denoised/wavelet_den_37.png (PNG copy)> <./spatial-denois
ed/wavelet_den_38.png (PNG copy)> <./spatial-denoised/wavelet_den_39.png (PNG c
opy)> <./spatial-denoised/wavelet_den_40.png (PNG copy)> <./spatial-denoised/wa
velet_den_41.png (PNG copy)> <./spatial-denoised/wavelet_den_42.png (PNG copy)>
 <./spatial-denoised/wavelet_den_43.png (PNG copy)> <./spatial-denoised/wavelet
_den_44.png (PNG copy)> <./spatial-denoised/wavelet_den_45.png (PNG copy)> <./s
patial-denoised/wavelet_den_46.png (PNG copy)> <./spatial-denoised/wavelet_den_
47.png (PNG copy)> <./spatial-denoised/wavelet_den_48.png (PNG copy)> <./spatia
l-denoised/wavelet_den_49.png (PNG copy)> <./spatial-denoised/wavelet_den_50.pn
g (PNG copy)> <./spatial-denoised/wavelet_den_51.png (PNG copy)> <./spatial-den
oised/wavelet_den_52.png (PNG copy)> <./spatial-denoised/wavelet_den_53.png (PN
G copy)> <./spatial-denoised/wavelet_den_54.png (PNG copy)> <./spatial-denoised
/wavelet_den_55.png (PNG copy)> <./spatial-denoised/wavelet_den_56.png (PNG cop
y)> <./spatial-denoised/wavelet_den_57.png (PNG copy)> <./spatial-denoised/wave
let_den_58.png (PNG copy)> <./spatial-denoised/wavelet_den_59.png (PNG copy)> <
./spatial-denoised/wavelet_den_60.png (PNG copy)> <./spatial-denoised/wavelet_d
en_61.png (PNG copy)> <./spatial-denoised/wavelet_den_62.png (PNG copy)> <./spa
tial-denoised/wavelet_den_63.png (PNG copy)> <./spatial-denoised/wavelet_den_64
.png (PNG copy)> <./spatial-denoised/wavelet_den_65.png (PNG copy)> <./spatial-
denoised/wavelet_den_66.png (PNG copy)> <./spatial-denoised/wavelet_den_67.png 
(PNG copy)> <./spatial-denoised/wavelet_den_68.png (PNG copy)> <./spatial-denoi
sed/wavelet_den_69.png (PNG copy)> <./spatial-denoised/wavelet_den_70.png (PNG 
copy)> <./spatial-denoised/wavelet_den_71.png (PNG copy)> <./spatial-denoised/w
avelet_den_72.png (PNG copy)> <./contrastAgentResponses1.png (PNG copy)>] [9

]
\tf@nav=\write6
\openout6 = `Presentation.nav'.

\tf@toc=\write7
\openout7 = `Presentation.toc'.

\tf@snm=\write8
\openout8 = `Presentation.snm'.

Package atveryend Info: Empty hook `BeforeClearDocument' on input line 300.
Package atveryend Info: Empty hook `AfterLastShipout' on input line 300.
(./Presentation.aux)
Package atveryend Info: Executing hook `AtVeryEndDocument' on input line 300.
Package atveryend Info: Executing hook `AtEndAfterFileList' on input line 300.
Package rerunfilecheck Info: File `Presentation.out' has not changed.
(rerunfilecheck)             Checksum: D41D8CD98F00B204E9800998ECF8427E;0.

LaTeX Font Warning: Size substitutions with differences
(Font)              up to 1.0pt have occurred.

Package atveryend Info: Empty hook `AtVeryVeryEnd' on input line 300.
 ) 
Here is how much of TeX's memory you used:
 19744 strings out of 494501
 398274 string characters out of 6167030
 470500 words of memory out of 5000000
 22490 multiletter control sequences out of 15000+600000
 11866 words of font info for 44 fonts, out of 8000000 for 9000
 319 hyphenation exceptions out of 8191
 48i,14n,54p,392b,573s stack positions out of 5000i,500n,10000p,200000b,80000s
</usr/local/texlive/2015basic/texmf-dist/fonts/type1/public/amsfonts/cm/cmmi1
0.pfb></usr/local/texlive/2015basic/texmf-dist/fonts/type1/public/amsfonts/cm/c
mss10.pfb></usr/local/texlive/2015basic/texmf-dist/fonts/type1/public/amsfonts/
cm/cmss12.pfb></usr/local/texlive/2015basic/texmf-dist/fonts/type1/public/amsfo
nts/cm/cmss8.pfb></usr/local/texlive/2015basic/texmf-dist/fonts/type1/public/am
sfonts/cm/cmssi10.pfb></usr/local/texlive/2015basic/texmf-dist/fonts/type1/publ
ic/amsfonts/cm/cmssi8.pfb></usr/local/texlive/2015basic/texmf-dist/fonts/type1/
public/amsfonts/cm/cmsy10.pfb></usr/local/texlive/2015basic/texmf-dist/fonts/ty
pe1/public/amsfonts/symbols/msam10.pfb>
Output written on Presentation.pdf (9 pages, 48477000 bytes).
PDF statistics:
 371 PDF objects out of 1000 (max. 8388607)
 256 compressed objects within 3 object streams
 19 named destinations out of 1000 (max. 500000)
 468 words of extra memory for PDF output out of 10000 (max. 10000000)

